{"E:\\Quang Duong\\Projects UIT\\Material Mastery\\material-mastery-server\\src\\core\\error-response.js": {"path":"E:\\Quang Duong\\Projects UIT\\Material Mastery\\material-mastery-server\\src\\core\\error-response.js","statementMap":{"0":{"start":{"line":3,"column":39},"end":{"line":3,"column":73}},"1":{"start":{"line":7,"column":4},"end":{"line":7,"column":19}},"2":{"start":{"line":8,"column":4},"end":{"line":8,"column":25}},"3":{"start":{"line":14,"column":4},"end":{"line":14,"column":44}},"4":{"start":{"line":20,"column":4},"end":{"line":20,"column":41}},"5":{"start":{"line":26,"column":4},"end":{"line":26,"column":45}},"6":{"start":{"line":32,"column":4},"end":{"line":32,"column":42}},"7":{"start":{"line":38,"column":4},"end":{"line":38,"column":42}},"8":{"start":{"line":42,"column":0},"end":{"line":48,"column":1}}},"fnMap":{"0":{"name":"(anonymous_0)","decl":{"start":{"line":6,"column":2},"end":{"line":6,"column":3}},"loc":{"start":{"line":6,"column":31},"end":{"line":9,"column":3}},"line":6},"1":{"name":"(anonymous_1)","decl":{"start":{"line":13,"column":2},"end":{"line":13,"column":3}},"loc":{"start":{"line":13,"column":51},"end":{"line":15,"column":3}},"line":13},"2":{"name":"(anonymous_2)","decl":{"start":{"line":19,"column":2},"end":{"line":19,"column":3}},"loc":{"start":{"line":19,"column":48},"end":{"line":21,"column":3}},"line":19},"3":{"name":"(anonymous_3)","decl":{"start":{"line":25,"column":2},"end":{"line":25,"column":3}},"loc":{"start":{"line":25,"column":52},"end":{"line":27,"column":3}},"line":25},"4":{"name":"(anonymous_4)","decl":{"start":{"line":31,"column":2},"end":{"line":31,"column":3}},"loc":{"start":{"line":31,"column":49},"end":{"line":33,"column":3}},"line":31},"5":{"name":"(anonymous_5)","decl":{"start":{"line":37,"column":2},"end":{"line":37,"column":3}},"loc":{"start":{"line":37,"column":49},"end":{"line":39,"column":3}},"line":37}},"branchMap":{"0":{"loc":{"start":{"line":13,"column":14},"end":{"line":13,"column":49}},"type":"default-arg","locations":[{"start":{"line":13,"column":24},"end":{"line":13,"column":49}}],"line":13},"1":{"loc":{"start":{"line":19,"column":14},"end":{"line":19,"column":46}},"type":"default-arg","locations":[{"start":{"line":19,"column":24},"end":{"line":19,"column":46}}],"line":19},"2":{"loc":{"start":{"line":25,"column":14},"end":{"line":25,"column":50}},"type":"default-arg","locations":[{"start":{"line":25,"column":24},"end":{"line":25,"column":50}}],"line":25},"3":{"loc":{"start":{"line":31,"column":14},"end":{"line":31,"column":47}},"type":"default-arg","locations":[{"start":{"line":31,"column":24},"end":{"line":31,"column":47}}],"line":31},"4":{"loc":{"start":{"line":37,"column":14},"end":{"line":37,"column":47}},"type":"default-arg","locations":[{"start":{"line":37,"column":24},"end":{"line":37,"column":47}}],"line":37}},"s":{"0":8,"1":39,"2":39,"3":33,"4":2,"5":0,"6":4,"7":0,"8":8},"f":{"0":39,"1":33,"2":2,"3":0,"4":4,"5":0},"b":{"0":[0],"1":[0],"2":[0],"3":[0],"4":[0]},"_coverageSchema":"1a1c01bbd47fc00a2c39e90264f33305004495a9","hash":"59dd596436141d64c6f4a3bd58b550f0b3827b9a"}
,"E:\\Quang Duong\\Projects UIT\\Material Mastery\\material-mastery-server\\src\\models\\cart.model.js": {"path":"E:\\Quang Duong\\Projects UIT\\Material Mastery\\material-mastery-server\\src\\models\\cart.model.js","statementMap":{"0":{"start":{"line":3,"column":17},"end":{"line":3,"column":36}},"1":{"start":{"line":5,"column":22},"end":{"line":5,"column":28}},"2":{"start":{"line":6,"column":24},"end":{"line":6,"column":31}},"3":{"start":{"line":9,"column":17},"end":{"line":33,"column":2}},"4":{"start":{"line":36,"column":0},"end":{"line":36,"column":59}}},"fnMap":{},"branchMap":{},"s":{"0":1,"1":1,"2":1,"3":1,"4":1},"f":{},"b":{},"_coverageSchema":"1a1c01bbd47fc00a2c39e90264f33305004495a9","hash":"d28e4990066ab0f92280d2194cec828ca18a9d88"}
,"E:\\Quang Duong\\Projects UIT\\Material Mastery\\material-mastery-server\\src\\models\\category.model.js": {"path":"E:\\Quang Duong\\Projects UIT\\Material Mastery\\material-mastery-server\\src\\models\\category.model.js","statementMap":{"0":{"start":{"line":3,"column":17},"end":{"line":3,"column":36}},"1":{"start":{"line":5,"column":22},"end":{"line":5,"column":32}},"2":{"start":{"line":6,"column":24},"end":{"line":6,"column":36}},"3":{"start":{"line":9,"column":21},"end":{"line":28,"column":2}},"4":{"start":{"line":31,"column":0},"end":{"line":31,"column":63}}},"fnMap":{},"branchMap":{},"s":{"0":3,"1":3,"2":3,"3":3,"4":3},"f":{},"b":{},"_coverageSchema":"1a1c01bbd47fc00a2c39e90264f33305004495a9","hash":"f3a8f69c5aaf7c3e0a9fc2a8d515be92b7aaa4ef"}
,"E:\\Quang Duong\\Projects UIT\\Material Mastery\\material-mastery-server\\src\\models\\comment.model.js": {"path":"E:\\Quang Duong\\Projects UIT\\Material Mastery\\material-mastery-server\\src\\models\\comment.model.js","statementMap":{"0":{"start":{"line":2,"column":17},"end":{"line":2,"column":36}},"1":{"start":{"line":3,"column":22},"end":{"line":3,"column":31}},"2":{"start":{"line":4,"column":24},"end":{"line":4,"column":34}},"3":{"start":{"line":7,"column":20},"end":{"line":25,"column":2}},"4":{"start":{"line":28,"column":0},"end":{"line":28,"column":62}}},"fnMap":{},"branchMap":{},"s":{"0":4,"1":4,"2":4,"3":4,"4":4},"f":{},"b":{},"_coverageSchema":"1a1c01bbd47fc00a2c39e90264f33305004495a9","hash":"62a5b458fcf99b4f763177ae2c9cb1ae32853dfd"}
,"E:\\Quang Duong\\Projects UIT\\Material Mastery\\material-mastery-server\\src\\models\\inventory.model.js": {"path":"E:\\Quang Duong\\Projects UIT\\Material Mastery\\material-mastery-server\\src\\models\\inventory.model.js","statementMap":{"0":{"start":{"line":3,"column":17},"end":{"line":3,"column":36}},"1":{"start":{"line":5,"column":22},"end":{"line":5,"column":33}},"2":{"start":{"line":6,"column":24},"end":{"line":6,"column":37}},"3":{"start":{"line":9,"column":22},"end":{"line":18,"column":2}},"4":{"start":{"line":21,"column":0},"end":{"line":21,"column":64}}},"fnMap":{},"branchMap":{},"s":{"0":3,"1":3,"2":3,"3":3,"4":3},"f":{},"b":{},"_coverageSchema":"1a1c01bbd47fc00a2c39e90264f33305004495a9","hash":"97f714aa1790bfba06843c3b81bbf2b03913e12e"}
,"E:\\Quang Duong\\Projects UIT\\Material Mastery\\material-mastery-server\\src\\models\\notification.model.js": {"path":"E:\\Quang Duong\\Projects UIT\\Material Mastery\\material-mastery-server\\src\\models\\notification.model.js","statementMap":{"0":{"start":{"line":2,"column":17},"end":{"line":2,"column":36}},"1":{"start":{"line":3,"column":22},"end":{"line":3,"column":36}},"2":{"start":{"line":4,"column":24},"end":{"line":4,"column":39}},"3":{"start":{"line":7,"column":25},"end":{"line":15,"column":2}},"4":{"start":{"line":18,"column":0},"end":{"line":18,"column":67}}},"fnMap":{},"branchMap":{},"s":{"0":2,"1":2,"2":2,"3":2,"4":2},"f":{},"b":{},"_coverageSchema":"1a1c01bbd47fc00a2c39e90264f33305004495a9","hash":"46f1bc22e1406fa17cfafe4c80d022fd38cbbfb9"}
,"E:\\Quang Duong\\Projects UIT\\Material Mastery\\material-mastery-server\\src\\models\\product.model.js": {"path":"E:\\Quang Duong\\Projects UIT\\Material Mastery\\material-mastery-server\\src\\models\\product.model.js","statementMap":{"0":{"start":{"line":1,"column":17},"end":{"line":1,"column":36}},"1":{"start":{"line":2,"column":16},"end":{"line":2,"column":34}},"2":{"start":{"line":4,"column":22},"end":{"line":4,"column":31}},"3":{"start":{"line":5,"column":24},"end":{"line":5,"column":34}},"4":{"start":{"line":7,"column":20},"end":{"line":55,"column":2}},"5":{"start":{"line":39,"column":20},"end":{"line":39,"column":43}},"6":{"start":{"line":57,"column":0},"end":{"line":57,"column":73}},"7":{"start":{"line":59,"column":0},"end":{"line":62,"column":2}},"8":{"start":{"line":60,"column":4},"end":{"line":60,"column":66}},"9":{"start":{"line":61,"column":4},"end":{"line":61,"column":11}},"10":{"start":{"line":65,"column":0},"end":{"line":67,"column":2}}},"fnMap":{"0":{"name":"(anonymous_0)","decl":{"start":{"line":39,"column":13},"end":{"line":39,"column":14}},"loc":{"start":{"line":39,"column":20},"end":{"line":39,"column":43}},"line":39},"1":{"name":"(anonymous_1)","decl":{"start":{"line":59,"column":26},"end":{"line":59,"column":27}},"loc":{"start":{"line":59,"column":42},"end":{"line":62,"column":1}},"line":59}},"branchMap":{},"s":{"0":5,"1":5,"2":5,"3":5,"4":5,"5":0,"6":5,"7":5,"8":0,"9":0,"10":5},"f":{"0":0,"1":0},"b":{},"_coverageSchema":"1a1c01bbd47fc00a2c39e90264f33305004495a9","hash":"c4700010c3e4401f2376be0939f1a5ac68e44e87"}
,"E:\\Quang Duong\\Projects UIT\\Material Mastery\\material-mastery-server\\src\\models\\user.model.js": {"path":"E:\\Quang Duong\\Projects UIT\\Material Mastery\\material-mastery-server\\src\\models\\user.model.js","statementMap":{"0":{"start":{"line":3,"column":17},"end":{"line":3,"column":36}},"1":{"start":{"line":5,"column":22},"end":{"line":5,"column":28}},"2":{"start":{"line":6,"column":24},"end":{"line":6,"column":31}},"3":{"start":{"line":9,"column":17},"end":{"line":54,"column":2}},"4":{"start":{"line":56,"column":21},"end":{"line":69,"column":2}},"5":{"start":{"line":71,"column":18},"end":{"line":88,"column":2}},"6":{"start":{"line":90,"column":20},"end":{"line":107,"column":2}},"7":{"start":{"line":110,"column":0},"end":{"line":115,"column":2}}},"fnMap":{},"branchMap":{},"s":{"0":3,"1":3,"2":3,"3":3,"4":3,"5":3,"6":3,"7":3},"f":{},"b":{},"_coverageSchema":"1a1c01bbd47fc00a2c39e90264f33305004495a9","hash":"e8effb393509e548fdd763add57f0670d9a6b2a7"}
,"E:\\Quang Duong\\Projects UIT\\Material Mastery\\material-mastery-server\\src\\models\\repositories\\category.js": {"path":"E:\\Quang Duong\\Projects UIT\\Material Mastery\\material-mastery-server\\src\\models\\repositories\\category.js","statementMap":{"0":{"start":{"line":3,"column":26},"end":{"line":3,"column":48}},"1":{"start":{"line":4,"column":22},"end":{"line":4,"column":50}},"2":{"start":{"line":6,"column":23},"end":{"line":12,"column":1}},"3":{"start":{"line":7,"column":4},"end":{"line":11,"column":6}},"4":{"start":{"line":14,"column":23},"end":{"line":16,"column":1}},"5":{"start":{"line":15,"column":4},"end":{"line":15,"column":73}},"6":{"start":{"line":18,"column":23},"end":{"line":20,"column":1}},"7":{"start":{"line":19,"column":4},"end":{"line":19,"column":61}},"8":{"start":{"line":22,"column":19},"end":{"line":24,"column":1}},"9":{"start":{"line":23,"column":4},"end":{"line":23,"column":69}},"10":{"start":{"line":26,"column":24},"end":{"line":30,"column":1}},"11":{"start":{"line":27,"column":4},"end":{"line":29,"column":12}},"12":{"start":{"line":32,"column":33},"end":{"line":38,"column":1}},"13":{"start":{"line":33,"column":4},"end":{"line":37,"column":12}},"14":{"start":{"line":40,"column":0},"end":{"line":47,"column":1}}},"fnMap":{"0":{"name":"(anonymous_0)","decl":{"start":{"line":6,"column":23},"end":{"line":6,"column":24}},"loc":{"start":{"line":6,"column":74},"end":{"line":12,"column":1}},"line":6},"1":{"name":"(anonymous_1)","decl":{"start":{"line":14,"column":23},"end":{"line":14,"column":24}},"loc":{"start":{"line":14,"column":35},"end":{"line":16,"column":1}},"line":14},"2":{"name":"(anonymous_2)","decl":{"start":{"line":18,"column":23},"end":{"line":18,"column":24}},"loc":{"start":{"line":18,"column":45},"end":{"line":20,"column":1}},"line":18},"3":{"name":"(anonymous_3)","decl":{"start":{"line":22,"column":19},"end":{"line":22,"column":20}},"loc":{"start":{"line":22,"column":35},"end":{"line":24,"column":1}},"line":22},"4":{"name":"(anonymous_4)","decl":{"start":{"line":26,"column":24},"end":{"line":26,"column":25}},"loc":{"start":{"line":26,"column":46},"end":{"line":30,"column":1}},"line":26},"5":{"name":"(anonymous_5)","decl":{"start":{"line":32,"column":33},"end":{"line":32,"column":34}},"loc":{"start":{"line":32,"column":83},"end":{"line":38,"column":1}},"line":32}},"branchMap":{"0":{"loc":{"start":{"line":6,"column":37},"end":{"line":6,"column":53}},"type":"default-arg","locations":[{"start":{"line":6,"column":51},"end":{"line":6,"column":53}}],"line":6},"1":{"loc":{"start":{"line":6,"column":55},"end":{"line":6,"column":68}},"type":"default-arg","locations":[{"start":{"line":6,"column":64},"end":{"line":6,"column":68}}],"line":6},"2":{"loc":{"start":{"line":32,"column":41},"end":{"line":32,"column":51}},"type":"default-arg","locations":[{"start":{"line":32,"column":49},"end":{"line":32,"column":51}}],"line":32},"3":{"loc":{"start":{"line":32,"column":53},"end":{"line":32,"column":61}},"type":"default-arg","locations":[{"start":{"line":32,"column":60},"end":{"line":32,"column":61}}],"line":32}},"s":{"0":3,"1":3,"2":3,"3":0,"4":3,"5":0,"6":3,"7":0,"8":3,"9":0,"10":3,"11":0,"12":3,"13":0,"14":3},"f":{"0":0,"1":0,"2":0,"3":0,"4":0,"5":0},"b":{"0":[0],"1":[0],"2":[0],"3":[0]},"_coverageSchema":"1a1c01bbd47fc00a2c39e90264f33305004495a9","hash":"18f06f845186f89f2e8d67f1d794ec8efe953a04"}
,"E:\\Quang Duong\\Projects UIT\\Material Mastery\\material-mastery-server\\src\\models\\repositories\\inventory.js": {"path":"E:\\Quang Duong\\Projects UIT\\Material Mastery\\material-mastery-server\\src\\models\\repositories\\inventory.js","statementMap":{"0":{"start":{"line":3,"column":18},"end":{"line":3,"column":37}},"1":{"start":{"line":4,"column":23},"end":{"line":4,"column":52}},"2":{"start":{"line":5,"column":30},"end":{"line":5,"column":52}},"3":{"start":{"line":7,"column":24},"end":{"line":13,"column":1}},"4":{"start":{"line":8,"column":4},"end":{"line":12,"column":6}},"5":{"start":{"line":15,"column":33},"end":{"line":17,"column":1}},"6":{"start":{"line":16,"column":4},"end":{"line":16,"column":94}},"7":{"start":{"line":19,"column":35},"end":{"line":21,"column":1}},"8":{"start":{"line":20,"column":4},"end":{"line":20,"column":138}},"9":{"start":{"line":23,"column":29},"end":{"line":42,"column":1}},"10":{"start":{"line":24,"column":22},"end":{"line":39,"column":19}},"11":{"start":{"line":41,"column":4},"end":{"line":41,"column":21}},"12":{"start":{"line":44,"column":33},"end":{"line":56,"column":1}},"13":{"start":{"line":45,"column":22},"end":{"line":53,"column":19}},"14":{"start":{"line":55,"column":4},"end":{"line":55,"column":21}},"15":{"start":{"line":58,"column":29},"end":{"line":68,"column":1}},"16":{"start":{"line":59,"column":22},"end":{"line":65,"column":19}},"17":{"start":{"line":67,"column":4},"end":{"line":67,"column":21}},"18":{"start":{"line":70,"column":0},"end":{"line":77,"column":1}}},"fnMap":{"0":{"name":"(anonymous_0)","decl":{"start":{"line":7,"column":24},"end":{"line":7,"column":25}},"loc":{"start":{"line":7,"column":76},"end":{"line":13,"column":1}},"line":7},"1":{"name":"(anonymous_1)","decl":{"start":{"line":15,"column":33},"end":{"line":15,"column":34}},"loc":{"start":{"line":15,"column":54},"end":{"line":17,"column":1}},"line":15},"2":{"name":"(anonymous_2)","decl":{"start":{"line":19,"column":35},"end":{"line":19,"column":36}},"loc":{"start":{"line":19,"column":66},"end":{"line":21,"column":1}},"line":19},"3":{"name":"(anonymous_3)","decl":{"start":{"line":23,"column":29},"end":{"line":23,"column":30}},"loc":{"start":{"line":23,"column":70},"end":{"line":42,"column":1}},"line":23},"4":{"name":"(anonymous_4)","decl":{"start":{"line":44,"column":33},"end":{"line":44,"column":34}},"loc":{"start":{"line":44,"column":64},"end":{"line":56,"column":1}},"line":44},"5":{"name":"(anonymous_5)","decl":{"start":{"line":58,"column":29},"end":{"line":58,"column":30}},"loc":{"start":{"line":58,"column":60},"end":{"line":68,"column":1}},"line":58}},"branchMap":{"0":{"loc":{"start":{"line":7,"column":50},"end":{"line":7,"column":70}},"type":"default-arg","locations":[{"start":{"line":7,"column":61},"end":{"line":7,"column":70}}],"line":7}},"s":{"0":2,"1":2,"2":2,"3":2,"4":0,"5":2,"6":0,"7":2,"8":0,"9":2,"10":0,"11":0,"12":2,"13":0,"14":0,"15":2,"16":0,"17":0,"18":2},"f":{"0":0,"1":0,"2":0,"3":0,"4":0,"5":0},"b":{"0":[0]},"_coverageSchema":"1a1c01bbd47fc00a2c39e90264f33305004495a9","hash":"5d85695db0fe826090eb7df79f49a05a37fc210e"}
,"E:\\Quang Duong\\Projects UIT\\Material Mastery\\material-mastery-server\\src\\models\\repositories\\notification.js": {"path":"E:\\Quang Duong\\Projects UIT\\Material Mastery\\material-mastery-server\\src\\models\\repositories\\notification.js","statementMap":{"0":{"start":{"line":3,"column":18},"end":{"line":3,"column":37}},"1":{"start":{"line":4,"column":26},"end":{"line":4,"column":58}},"2":{"start":{"line":6,"column":47},"end":{"line":17,"column":1}},"3":{"start":{"line":7,"column":18},"end":{"line":7,"column":47}},"4":{"start":{"line":8,"column":27},"end":{"line":15,"column":5}},"5":{"start":{"line":15,"column":17},"end":{"line":15,"column":44}},"6":{"start":{"line":16,"column":4},"end":{"line":16,"column":84}},"7":{"start":{"line":19,"column":41},"end":{"line":48,"column":1}},"8":{"start":{"line":21,"column":24},"end":{"line":21,"column":30}},"9":{"start":{"line":22,"column":33},"end":{"line":24,"column":6}},"10":{"start":{"line":25,"column":4},"end":{"line":36,"column":5}},"11":{"start":{"line":26,"column":22},"end":{"line":26,"column":39}},"12":{"start":{"line":27,"column":31},"end":{"line":34,"column":9}},"13":{"start":{"line":34,"column":21},"end":{"line":34,"column":48}},"14":{"start":{"line":35,"column":8},"end":{"line":35,"column":88}},"15":{"start":{"line":37,"column":18},"end":{"line":37,"column":92}},"16":{"start":{"line":38,"column":27},"end":{"line":46,"column":5}},"17":{"start":{"line":46,"column":17},"end":{"line":46,"column":44}},"18":{"start":{"line":47,"column":4},"end":{"line":47,"column":84}},"19":{"start":{"line":50,"column":36},"end":{"line":53,"column":1}},"20":{"start":{"line":51,"column":18},"end":{"line":51,"column":47}},"21":{"start":{"line":52,"column":4},"end":{"line":52,"column":57}},"22":{"start":{"line":55,"column":30},"end":{"line":57,"column":1}},"23":{"start":{"line":56,"column":4},"end":{"line":56,"column":66}},"24":{"start":{"line":59,"column":27},"end":{"line":65,"column":1}},"25":{"start":{"line":60,"column":33},"end":{"line":62,"column":6}},"26":{"start":{"line":64,"column":4},"end":{"line":64,"column":32}},"27":{"start":{"line":67,"column":41},"end":{"line":90,"column":1}},"28":{"start":{"line":74,"column":18},"end":{"line":78,"column":5}},"29":{"start":{"line":78,"column":19},"end":{"line":84,"column":5}},"30":{"start":{"line":84,"column":17},"end":{"line":84,"column":44}},"31":{"start":{"line":86,"column":25},"end":{"line":86,"column":92}},"32":{"start":{"line":88,"column":4},"end":{"line":88,"column":141}},"33":{"start":{"line":88,"column":48},"end":{"line":88,"column":141}},"34":{"start":{"line":89,"column":4},"end":{"line":89,"column":24}},"35":{"start":{"line":92,"column":0},"end":{"line":99,"column":1}}},"fnMap":{"0":{"name":"(anonymous_0)","decl":{"start":{"line":6,"column":47},"end":{"line":6,"column":48}},"loc":{"start":{"line":6,"column":105},"end":{"line":17,"column":1}},"line":6},"1":{"name":"(anonymous_1)","decl":{"start":{"line":19,"column":41},"end":{"line":19,"column":42}},"loc":{"start":{"line":19,"column":106},"end":{"line":48,"column":1}},"line":19},"2":{"name":"(anonymous_2)","decl":{"start":{"line":50,"column":36},"end":{"line":50,"column":37}},"loc":{"start":{"line":50,"column":58},"end":{"line":53,"column":1}},"line":50},"3":{"name":"(anonymous_3)","decl":{"start":{"line":55,"column":30},"end":{"line":55,"column":31}},"loc":{"start":{"line":55,"column":57},"end":{"line":57,"column":1}},"line":55},"4":{"name":"(anonymous_4)","decl":{"start":{"line":59,"column":27},"end":{"line":59,"column":28}},"loc":{"start":{"line":59,"column":63},"end":{"line":65,"column":1}},"line":59},"5":{"name":"(anonymous_5)","decl":{"start":{"line":67,"column":41},"end":{"line":67,"column":42}},"loc":{"start":{"line":67,"column":71},"end":{"line":90,"column":1}},"line":67}},"branchMap":{"0":{"loc":{"start":{"line":6,"column":55},"end":{"line":6,"column":70}},"type":"default-arg","locations":[{"start":{"line":6,"column":62},"end":{"line":6,"column":70}}],"line":6},"1":{"loc":{"start":{"line":19,"column":49},"end":{"line":19,"column":64}},"type":"default-arg","locations":[{"start":{"line":19,"column":56},"end":{"line":19,"column":64}}],"line":19},"2":{"loc":{"start":{"line":19,"column":66},"end":{"line":19,"column":83}},"type":"default-arg","locations":[{"start":{"line":19,"column":79},"end":{"line":19,"column":83}}],"line":19},"3":{"loc":{"start":{"line":25,"column":4},"end":{"line":36,"column":5}},"type":"if","locations":[{"start":{"line":25,"column":4},"end":{"line":36,"column":5}},{"start":{},"end":{}}],"line":25},"4":{"loc":{"start":{"line":55,"column":37},"end":{"line":55,"column":52}},"type":"default-arg","locations":[{"start":{"line":55,"column":44},"end":{"line":55,"column":52}}],"line":55},"5":{"loc":{"start":{"line":88,"column":4},"end":{"line":88,"column":141}},"type":"if","locations":[{"start":{"line":88,"column":4},"end":{"line":88,"column":141}},{"start":{},"end":{}}],"line":88}},"s":{"0":2,"1":2,"2":2,"3":0,"4":0,"5":0,"6":0,"7":2,"8":0,"9":0,"10":0,"11":0,"12":0,"13":0,"14":0,"15":0,"16":0,"17":0,"18":0,"19":2,"20":0,"21":0,"22":2,"23":0,"24":2,"25":0,"26":0,"27":2,"28":0,"29":0,"30":0,"31":0,"32":0,"33":0,"34":0,"35":2},"f":{"0":0,"1":0,"2":0,"3":0,"4":0,"5":0},"b":{"0":[0],"1":[0],"2":[0],"3":[0,0],"4":[0],"5":[0,0]},"_coverageSchema":"1a1c01bbd47fc00a2c39e90264f33305004495a9","hash":"578299b8c951c1f2532b006a3dfe4238aaee2564"}
,"E:\\Quang Duong\\Projects UIT\\Material Mastery\\material-mastery-server\\src\\models\\repositories\\product.js": {"path":"E:\\Quang Duong\\Projects UIT\\Material Mastery\\material-mastery-server\\src\\models\\repositories\\product.js","statementMap":{"0":{"start":{"line":3,"column":18},"end":{"line":3,"column":37}},"1":{"start":{"line":4,"column":80},"end":{"line":4,"column":102}},"2":{"start":{"line":5,"column":20},"end":{"line":5,"column":47}},"3":{"start":{"line":6,"column":28},"end":{"line":6,"column":50}},"4":{"start":{"line":7,"column":26},"end":{"line":7,"column":62}},"5":{"start":{"line":9,"column":26},"end":{"line":11,"column":1}},"6":{"start":{"line":10,"column":4},"end":{"line":10,"column":56}},"7":{"start":{"line":13,"column":22},"end":{"line":27,"column":1}},"8":{"start":{"line":14,"column":24},"end":{"line":24,"column":6}},"9":{"start":{"line":25,"column":25},"end":{"line":25,"column":111}},"10":{"start":{"line":26,"column":4},"end":{"line":26,"column":22}},"11":{"start":{"line":29,"column":22},"end":{"line":31,"column":1}},"12":{"start":{"line":30,"column":4},"end":{"line":30,"column":39}},"13":{"start":{"line":33,"column":26},"end":{"line":35,"column":1}},"14":{"start":{"line":34,"column":4},"end":{"line":34,"column":76}},"15":{"start":{"line":37,"column":26},"end":{"line":39,"column":1}},"16":{"start":{"line":38,"column":4},"end":{"line":38,"column":54}},"17":{"start":{"line":41,"column":23},"end":{"line":43,"column":1}},"18":{"start":{"line":42,"column":4},"end":{"line":42,"column":84}},"19":{"start":{"line":45,"column":29},"end":{"line":53,"column":1}},"20":{"start":{"line":47,"column":4},"end":{"line":52,"column":11}},"21":{"start":{"line":55,"column":23},"end":{"line":62,"column":1}},"22":{"start":{"line":56,"column":25},"end":{"line":56,"column":51}},"23":{"start":{"line":57,"column":4},"end":{"line":57,"column":67}},"24":{"start":{"line":57,"column":23},"end":{"line":57,"column":67}},"25":{"start":{"line":58,"column":4},"end":{"line":58,"column":32}},"26":{"start":{"line":60,"column":28},"end":{"line":60,"column":70}},"27":{"start":{"line":61,"column":4},"end":{"line":61,"column":24}},"28":{"start":{"line":64,"column":25},"end":{"line":71,"column":1}},"29":{"start":{"line":65,"column":25},"end":{"line":65,"column":51}},"30":{"start":{"line":66,"column":4},"end":{"line":66,"column":67}},"31":{"start":{"line":66,"column":23},"end":{"line":66,"column":67}},"32":{"start":{"line":67,"column":4},"end":{"line":67,"column":31}},"33":{"start":{"line":69,"column":28},"end":{"line":69,"column":70}},"34":{"start":{"line":70,"column":4},"end":{"line":70,"column":24}},"35":{"start":{"line":73,"column":29},"end":{"line":83,"column":1}},"36":{"start":{"line":74,"column":4},"end":{"line":82,"column":7}},"37":{"start":{"line":75,"column":29},"end":{"line":75,"column":126}},"38":{"start":{"line":76,"column":8},"end":{"line":76,"column":71}},"39":{"start":{"line":76,"column":27},"end":{"line":76,"column":71}},"40":{"start":{"line":77,"column":8},"end":{"line":81,"column":9}},"41":{"start":{"line":85,"column":28},"end":{"line":100,"column":1}},"42":{"start":{"line":86,"column":26},"end":{"line":98,"column":6}},"43":{"start":{"line":99,"column":4},"end":{"line":99,"column":66}},"44":{"start":{"line":102,"column":38},"end":{"line":117,"column":1}},"45":{"start":{"line":103,"column":26},"end":{"line":115,"column":6}},"46":{"start":{"line":116,"column":4},"end":{"line":116,"column":66}},"47":{"start":{"line":119,"column":29},"end":{"line":127,"column":1}},"48":{"start":{"line":120,"column":24},"end":{"line":120,"column":45}},"49":{"start":{"line":121,"column":4},"end":{"line":126,"column":82}},"50":{"start":{"line":129,"column":0},"end":{"line":143,"column":1}}},"fnMap":{"0":{"name":"(anonymous_0)","decl":{"start":{"line":9,"column":26},"end":{"line":9,"column":27}},"loc":{"start":{"line":9,"column":50},"end":{"line":11,"column":1}},"line":9},"1":{"name":"(anonymous_1)","decl":{"start":{"line":13,"column":22},"end":{"line":13,"column":23}},"loc":{"start":{"line":13,"column":139},"end":{"line":27,"column":1}},"line":13},"2":{"name":"(anonymous_2)","decl":{"start":{"line":29,"column":22},"end":{"line":29,"column":23}},"loc":{"start":{"line":29,"column":34},"end":{"line":31,"column":1}},"line":29},"3":{"name":"(anonymous_3)","decl":{"start":{"line":33,"column":26},"end":{"line":33,"column":27}},"loc":{"start":{"line":33,"column":56},"end":{"line":35,"column":1}},"line":33},"4":{"name":"(anonymous_4)","decl":{"start":{"line":37,"column":26},"end":{"line":37,"column":27}},"loc":{"start":{"line":37,"column":47},"end":{"line":39,"column":1}},"line":37},"5":{"name":"(anonymous_5)","decl":{"start":{"line":41,"column":23},"end":{"line":41,"column":24}},"loc":{"start":{"line":41,"column":52},"end":{"line":43,"column":1}},"line":41},"6":{"name":"(anonymous_6)","decl":{"start":{"line":45,"column":29},"end":{"line":45,"column":30}},"loc":{"start":{"line":45,"column":129},"end":{"line":53,"column":1}},"line":45},"7":{"name":"(anonymous_7)","decl":{"start":{"line":55,"column":23},"end":{"line":55,"column":24}},"loc":{"start":{"line":55,"column":39},"end":{"line":62,"column":1}},"line":55},"8":{"name":"(anonymous_8)","decl":{"start":{"line":64,"column":25},"end":{"line":64,"column":26}},"loc":{"start":{"line":64,"column":41},"end":{"line":71,"column":1}},"line":64},"9":{"name":"(anonymous_9)","decl":{"start":{"line":73,"column":29},"end":{"line":73,"column":30}},"loc":{"start":{"line":73,"column":49},"end":{"line":83,"column":1}},"line":73},"10":{"name":"(anonymous_10)","decl":{"start":{"line":74,"column":42},"end":{"line":74,"column":43}},"loc":{"start":{"line":74,"column":61},"end":{"line":82,"column":5}},"line":74},"11":{"name":"(anonymous_11)","decl":{"start":{"line":85,"column":28},"end":{"line":85,"column":29}},"loc":{"start":{"line":85,"column":47},"end":{"line":100,"column":1}},"line":85},"12":{"name":"(anonymous_12)","decl":{"start":{"line":102,"column":38},"end":{"line":102,"column":39}},"loc":{"start":{"line":102,"column":67},"end":{"line":117,"column":1}},"line":102},"13":{"name":"(anonymous_13)","decl":{"start":{"line":119,"column":29},"end":{"line":119,"column":30}},"loc":{"start":{"line":119,"column":52},"end":{"line":127,"column":1}},"line":119}},"branchMap":{"0":{"loc":{"start":{"line":13,"column":36},"end":{"line":13,"column":46}},"type":"default-arg","locations":[{"start":{"line":13,"column":44},"end":{"line":13,"column":46}}],"line":13},"1":{"loc":{"start":{"line":13,"column":48},"end":{"line":13,"column":64}},"type":"default-arg","locations":[{"start":{"line":13,"column":62},"end":{"line":13,"column":64}}],"line":13},"2":{"loc":{"start":{"line":13,"column":83},"end":{"line":13,"column":98}},"type":"default-arg","locations":[{"start":{"line":13,"column":91},"end":{"line":13,"column":98}}],"line":13},"3":{"loc":{"start":{"line":13,"column":118},"end":{"line":13,"column":133}},"type":"default-arg","locations":[{"start":{"line":13,"column":128},"end":{"line":13,"column":133}}],"line":13},"4":{"loc":{"start":{"line":45,"column":37},"end":{"line":45,"column":47}},"type":"default-arg","locations":[{"start":{"line":45,"column":45},"end":{"line":45,"column":47}}],"line":45},"5":{"loc":{"start":{"line":45,"column":49},"end":{"line":45,"column":57}},"type":"default-arg","locations":[{"start":{"line":45,"column":56},"end":{"line":45,"column":57}}],"line":45},"6":{"loc":{"start":{"line":45,"column":59},"end":{"line":45,"column":75}},"type":"default-arg","locations":[{"start":{"line":45,"column":68},"end":{"line":45,"column":75}}],"line":45},"7":{"loc":{"start":{"line":45,"column":77},"end":{"line":45,"column":88}},"type":"default-arg","locations":[{"start":{"line":45,"column":86},"end":{"line":45,"column":88}}],"line":45},"8":{"loc":{"start":{"line":45,"column":90},"end":{"line":45,"column":103}},"type":"default-arg","locations":[{"start":{"line":45,"column":101},"end":{"line":45,"column":103}}],"line":45},"9":{"loc":{"start":{"line":45,"column":105},"end":{"line":45,"column":123}},"type":"default-arg","locations":[{"start":{"line":45,"column":119},"end":{"line":45,"column":123}}],"line":45},"10":{"loc":{"start":{"line":50,"column":10},"end":{"line":50,"column":87}},"type":"cond-expr","locations":[{"start":{"line":50,"column":35},"end":{"line":50,"column":59}},{"start":{"line":50,"column":62},"end":{"line":50,"column":87}}],"line":50},"11":{"loc":{"start":{"line":57,"column":4},"end":{"line":57,"column":67}},"type":"if","locations":[{"start":{"line":57,"column":4},"end":{"line":57,"column":67}},{"start":{},"end":{}}],"line":57},"12":{"loc":{"start":{"line":66,"column":4},"end":{"line":66,"column":67}},"type":"if","locations":[{"start":{"line":66,"column":4},"end":{"line":66,"column":67}},{"start":{},"end":{}}],"line":66},"13":{"loc":{"start":{"line":76,"column":8},"end":{"line":76,"column":71}},"type":"if","locations":[{"start":{"line":76,"column":8},"end":{"line":76,"column":71}},{"start":{},"end":{}}],"line":76},"14":{"loc":{"start":{"line":99,"column":11},"end":{"line":99,"column":65}},"type":"cond-expr","locations":[{"start":{"line":99,"column":34},"end":{"line":99,"column":61}},{"start":{"line":99,"column":64},"end":{"line":99,"column":65}}],"line":99},"15":{"loc":{"start":{"line":116,"column":11},"end":{"line":116,"column":65}},"type":"cond-expr","locations":[{"start":{"line":116,"column":34},"end":{"line":116,"column":61}},{"start":{"line":116,"column":64},"end":{"line":116,"column":65}}],"line":116}},"s":{"0":2,"1":2,"2":2,"3":2,"4":2,"5":2,"6":0,"7":2,"8":0,"9":0,"10":0,"11":2,"12":0,"13":2,"14":0,"15":2,"16":0,"17":2,"18":0,"19":2,"20":0,"21":2,"22":0,"23":0,"24":0,"25":0,"26":0,"27":0,"28":2,"29":0,"30":0,"31":0,"32":0,"33":0,"34":0,"35":2,"36":0,"37":0,"38":0,"39":0,"40":0,"41":2,"42":0,"43":0,"44":2,"45":0,"46":0,"47":2,"48":0,"49":0,"50":2},"f":{"0":0,"1":0,"2":0,"3":0,"4":0,"5":0,"6":0,"7":0,"8":0,"9":0,"10":0,"11":0,"12":0,"13":0},"b":{"0":[0],"1":[0],"2":[0],"3":[0],"4":[0],"5":[0],"6":[0],"7":[0],"8":[0],"9":[0],"10":[0,0],"11":[0,0],"12":[0,0],"13":[0,0],"14":[0,0],"15":[0,0]},"_coverageSchema":"1a1c01bbd47fc00a2c39e90264f33305004495a9","hash":"01eaa803623956c4dcb63fa1b9ae1d0a0dabcf3f"}
,"E:\\Quang Duong\\Projects UIT\\Material Mastery\\material-mastery-server\\src\\models\\repositories\\user.js": {"path":"E:\\Quang Duong\\Projects UIT\\Material Mastery\\material-mastery-server\\src\\models\\repositories\\user.js","statementMap":{"0":{"start":{"line":3,"column":17},"end":{"line":3,"column":41}},"1":{"start":{"line":5,"column":30},"end":{"line":7,"column":1}},"2":{"start":{"line":6,"column":4},"end":{"line":6,"column":93}},"3":{"start":{"line":9,"column":21},"end":{"line":11,"column":1}},"4":{"start":{"line":10,"column":4},"end":{"line":10,"column":47}},"5":{"start":{"line":13,"column":23},"end":{"line":15,"column":1}},"6":{"start":{"line":14,"column":4},"end":{"line":14,"column":71}},"7":{"start":{"line":17,"column":0},"end":{"line":21,"column":1}}},"fnMap":{"0":{"name":"(anonymous_0)","decl":{"start":{"line":5,"column":30},"end":{"line":5,"column":31}},"loc":{"start":{"line":5,"column":50},"end":{"line":7,"column":1}},"line":5},"1":{"name":"(anonymous_1)","decl":{"start":{"line":9,"column":21},"end":{"line":9,"column":22}},"loc":{"start":{"line":9,"column":40},"end":{"line":11,"column":1}},"line":9},"2":{"name":"(anonymous_2)","decl":{"start":{"line":13,"column":23},"end":{"line":13,"column":24}},"loc":{"start":{"line":13,"column":58},"end":{"line":15,"column":1}},"line":13}},"branchMap":{},"s":{"0":1,"1":1,"2":0,"3":1,"4":0,"5":1,"6":0,"7":1},"f":{"0":0,"1":0,"2":0},"b":{},"_coverageSchema":"1a1c01bbd47fc00a2c39e90264f33305004495a9","hash":"f4429e7aba70764122cd2709ff4cc16b2041d8c7"}
,"E:\\Quang Duong\\Projects UIT\\Material Mastery\\material-mastery-server\\src\\services\\access.service.js": {"path":"E:\\Quang Duong\\Projects UIT\\Material Mastery\\material-mastery-server\\src\\services\\access.service.js","statementMap":{"0":{"start":{"line":3,"column":43},"end":{"line":3,"column":76}},"1":{"start":{"line":4,"column":15},"end":{"line":4,"column":32}},"2":{"start":{"line":5,"column":15},"end":{"line":5,"column":32}},"3":{"start":{"line":10,"column":4},"end":{"line":10,"column":46}},"4":{"start":{"line":11,"column":17},"end":{"line":11,"column":48}},"5":{"start":{"line":12,"column":20},"end":{"line":12,"column":45}},"6":{"start":{"line":13,"column":34},"end":{"line":13,"column":72}},"7":{"start":{"line":16,"column":18},"end":{"line":94,"column":3}},"8":{"start":{"line":27,"column":23},"end":{"line":29,"column":13}},"9":{"start":{"line":30,"column":4},"end":{"line":30,"column":67}},"10":{"start":{"line":30,"column":20},"end":{"line":30,"column":67}},"11":{"start":{"line":32,"column":25},"end":{"line":32,"column":56}},"12":{"start":{"line":34,"column":20},"end":{"line":43,"column":5}},"13":{"start":{"line":44,"column":21},"end":{"line":44,"column":29}},"14":{"start":{"line":45,"column":20},"end":{"line":45,"column":67}},"15":{"start":{"line":46,"column":4},"end":{"line":46,"column":66}},"16":{"start":{"line":46,"column":18},"end":{"line":46,"column":66}},"17":{"start":{"line":49,"column":38},"end":{"line":59,"column":6}},"18":{"start":{"line":61,"column":25},"end":{"line":70,"column":5}},"19":{"start":{"line":71,"column":22},"end":{"line":75,"column":5}},"20":{"start":{"line":76,"column":4},"end":{"line":76,"column":74}},"21":{"start":{"line":76,"column":20},"end":{"line":76,"column":74}},"22":{"start":{"line":78,"column":4},"end":{"line":88,"column":59}},"23":{"start":{"line":88,"column":6},"end":{"line":88,"column":59}},"24":{"start":{"line":90,"column":4},"end":{"line":93,"column":6}},"25":{"start":{"line":96,"column":18},"end":{"line":146,"column":3}},"26":{"start":{"line":97,"column":22},"end":{"line":97,"column":59}},"27":{"start":{"line":98,"column":4},"end":{"line":98,"column":64}},"28":{"start":{"line":98,"column":20},"end":{"line":98,"column":64}},"29":{"start":{"line":99,"column":20},"end":{"line":99,"column":78}},"30":{"start":{"line":100,"column":4},"end":{"line":100,"column":62}},"31":{"start":{"line":100,"column":18},"end":{"line":100,"column":62}},"32":{"start":{"line":101,"column":38},"end":{"line":111,"column":6}},"33":{"start":{"line":113,"column":25},"end":{"line":122,"column":5}},"34":{"start":{"line":123,"column":22},"end":{"line":127,"column":5}},"35":{"start":{"line":128,"column":4},"end":{"line":128,"column":74}},"36":{"start":{"line":128,"column":20},"end":{"line":128,"column":74}},"37":{"start":{"line":130,"column":4},"end":{"line":140,"column":59}},"38":{"start":{"line":140,"column":6},"end":{"line":140,"column":59}},"39":{"start":{"line":142,"column":4},"end":{"line":145,"column":6}},"40":{"start":{"line":147,"column":19},"end":{"line":152,"column":3}},"41":{"start":{"line":148,"column":4},"end":{"line":148,"column":40}},"42":{"start":{"line":149,"column":4},"end":{"line":151,"column":5}},"43":{"start":{"line":155,"column":0},"end":{"line":155,"column":31}}},"fnMap":{"0":{"name":"(anonymous_0)","decl":{"start":{"line":16,"column":18},"end":{"line":16,"column":19}},"loc":{"start":{"line":25,"column":8},"end":{"line":94,"column":3}},"line":25},"1":{"name":"(anonymous_1)","decl":{"start":{"line":96,"column":18},"end":{"line":96,"column":19}},"loc":{"start":{"line":96,"column":52},"end":{"line":146,"column":3}},"line":96},"2":{"name":"(anonymous_2)","decl":{"start":{"line":147,"column":19},"end":{"line":147,"column":20}},"loc":{"start":{"line":147,"column":39},"end":{"line":152,"column":3}},"line":147}},"branchMap":{"0":{"loc":{"start":{"line":23,"column":4},"end":{"line":23,"column":23}},"type":"default-arg","locations":[{"start":{"line":23,"column":13},"end":{"line":23,"column":23}}],"line":23},"1":{"loc":{"start":{"line":24,"column":4},"end":{"line":24,"column":24}},"type":"default-arg","locations":[{"start":{"line":24,"column":12},"end":{"line":24,"column":24}}],"line":24},"2":{"loc":{"start":{"line":30,"column":4},"end":{"line":30,"column":67}},"type":"if","locations":[{"start":{"line":30,"column":4},"end":{"line":30,"column":67}},{"start":{},"end":{}}],"line":30},"3":{"loc":{"start":{"line":46,"column":4},"end":{"line":46,"column":66}},"type":"if","locations":[{"start":{"line":46,"column":4},"end":{"line":46,"column":66}},{"start":{},"end":{}}],"line":46},"4":{"loc":{"start":{"line":76,"column":4},"end":{"line":76,"column":74}},"type":"if","locations":[{"start":{"line":76,"column":4},"end":{"line":76,"column":74}},{"start":{},"end":{}}],"line":76},"5":{"loc":{"start":{"line":78,"column":4},"end":{"line":88,"column":59}},"type":"if","locations":[{"start":{"line":78,"column":4},"end":{"line":88,"column":59}},{"start":{},"end":{}}],"line":78},"6":{"loc":{"start":{"line":98,"column":4},"end":{"line":98,"column":64}},"type":"if","locations":[{"start":{"line":98,"column":4},"end":{"line":98,"column":64}},{"start":{},"end":{}}],"line":98},"7":{"loc":{"start":{"line":100,"column":4},"end":{"line":100,"column":62}},"type":"if","locations":[{"start":{"line":100,"column":4},"end":{"line":100,"column":62}},{"start":{},"end":{}}],"line":100},"8":{"loc":{"start":{"line":128,"column":4},"end":{"line":128,"column":74}},"type":"if","locations":[{"start":{"line":128,"column":4},"end":{"line":128,"column":74}},{"start":{},"end":{}}],"line":128},"9":{"loc":{"start":{"line":130,"column":4},"end":{"line":140,"column":59}},"type":"if","locations":[{"start":{"line":130,"column":4},"end":{"line":140,"column":59}},{"start":{},"end":{}}],"line":130}},"s":{"0":2,"1":2,"2":2,"3":2,"4":2,"5":2,"6":2,"7":2,"8":5,"9":5,"10":1,"11":4,"12":4,"13":4,"14":4,"15":4,"16":1,"17":3,"18":3,"19":3,"20":3,"21":1,"22":2,"23":1,"24":1,"25":2,"26":5,"27":5,"28":1,"29":4,"30":3,"31":1,"32":2,"33":2,"34":2,"35":2,"36":1,"37":1,"38":0,"39":1,"40":2,"41":0,"42":0,"43":2},"f":{"0":5,"1":5,"2":0},"b":{"0":[5],"1":[5],"2":[1,4],"3":[1,3],"4":[1,2],"5":[1,1],"6":[1,4],"7":[1,2],"8":[1,1],"9":[0,1]},"_coverageSchema":"1a1c01bbd47fc00a2c39e90264f33305004495a9","hash":"4b14e783ffb5afa1ba58a8422496d873f5c0e04d"}
,"E:\\Quang Duong\\Projects UIT\\Material Mastery\\material-mastery-server\\src\\services\\cart.service.js": {"path":"E:\\Quang Duong\\Projects UIT\\Material Mastery\\material-mastery-server\\src\\services\\cart.service.js","statementMap":{"0":{"start":{"line":3,"column":43},"end":{"line":3,"column":76}},"1":{"start":{"line":4,"column":18},"end":{"line":4,"column":49}},"2":{"start":{"line":5,"column":23},"end":{"line":5,"column":59}},"3":{"start":{"line":6,"column":90},"end":{"line":6,"column":128}},"4":{"start":{"line":7,"column":37},"end":{"line":7,"column":80}},"5":{"start":{"line":8,"column":27},"end":{"line":8,"column":68}},"6":{"start":{"line":12,"column":26},"end":{"line":12,"column":75}},"7":{"start":{"line":13,"column":8},"end":{"line":13,"column":71}},"8":{"start":{"line":13,"column":24},"end":{"line":13,"column":71}},"9":{"start":{"line":14,"column":8},"end":{"line":14,"column":117}},"10":{"start":{"line":14,"column":58},"end":{"line":14,"column":117}},"11":{"start":{"line":15,"column":25},"end":{"line":15,"column":50}},"12":{"start":{"line":16,"column":8},"end":{"line":18,"column":9}},"13":{"start":{"line":17,"column":12},"end":{"line":17,"column":61}},"14":{"start":{"line":20,"column":8},"end":{"line":22,"column":9}},"15":{"start":{"line":21,"column":12},"end":{"line":21,"column":61}},"16":{"start":{"line":23,"column":32},"end":{"line":27,"column":10}},"17":{"start":{"line":28,"column":8},"end":{"line":30,"column":9}},"18":{"start":{"line":29,"column":12},"end":{"line":29,"column":61}},"19":{"start":{"line":32,"column":8},"end":{"line":32,"column":70}},"20":{"start":{"line":36,"column":51},"end":{"line":36,"column":58}},"21":{"start":{"line":37,"column":29},"end":{"line":37,"column":64}},"22":{"start":{"line":38,"column":8},"end":{"line":38,"column":72}},"23":{"start":{"line":38,"column":27},"end":{"line":38,"column":72}},"24":{"start":{"line":39,"column":8},"end":{"line":39,"column":86}},"25":{"start":{"line":39,"column":23},"end":{"line":39,"column":86}},"26":{"start":{"line":41,"column":8},"end":{"line":44,"column":13}},"27":{"start":{"line":48,"column":8},"end":{"line":48,"column":41}},"28":{"start":{"line":52,"column":8},"end":{"line":52,"column":62}},"29":{"start":{"line":56,"column":0},"end":{"line":56,"column":29}}},"fnMap":{"0":{"name":"(anonymous_0)","decl":{"start":{"line":11,"column":4},"end":{"line":11,"column":5}},"loc":{"start":{"line":11,"column":48},"end":{"line":33,"column":5}},"line":11},"1":{"name":"(anonymous_1)","decl":{"start":{"line":35,"column":4},"end":{"line":35,"column":5}},"loc":{"start":{"line":35,"column":66},"end":{"line":45,"column":5}},"line":35},"2":{"name":"(anonymous_2)","decl":{"start":{"line":47,"column":4},"end":{"line":47,"column":5}},"loc":{"start":{"line":47,"column":37},"end":{"line":49,"column":5}},"line":47},"3":{"name":"(anonymous_3)","decl":{"start":{"line":51,"column":4},"end":{"line":51,"column":5}},"loc":{"start":{"line":51,"column":58},"end":{"line":53,"column":5}},"line":51}},"branchMap":{"0":{"loc":{"start":{"line":13,"column":8},"end":{"line":13,"column":71}},"type":"if","locations":[{"start":{"line":13,"column":8},"end":{"line":13,"column":71}},{"start":{},"end":{}}],"line":13},"1":{"loc":{"start":{"line":14,"column":8},"end":{"line":14,"column":117}},"type":"if","locations":[{"start":{"line":14,"column":8},"end":{"line":14,"column":117}},{"start":{},"end":{}}],"line":14},"2":{"loc":{"start":{"line":16,"column":8},"end":{"line":18,"column":9}},"type":"if","locations":[{"start":{"line":16,"column":8},"end":{"line":18,"column":9}},{"start":{},"end":{}}],"line":16},"3":{"loc":{"start":{"line":20,"column":8},"end":{"line":22,"column":9}},"type":"if","locations":[{"start":{"line":20,"column":8},"end":{"line":22,"column":9}},{"start":{},"end":{}}],"line":20},"4":{"loc":{"start":{"line":28,"column":8},"end":{"line":30,"column":9}},"type":"if","locations":[{"start":{"line":28,"column":8},"end":{"line":30,"column":9}},{"start":{},"end":{}}],"line":28},"5":{"loc":{"start":{"line":38,"column":8},"end":{"line":38,"column":72}},"type":"if","locations":[{"start":{"line":38,"column":8},"end":{"line":38,"column":72}},{"start":{},"end":{}}],"line":38},"6":{"loc":{"start":{"line":39,"column":8},"end":{"line":39,"column":86}},"type":"if","locations":[{"start":{"line":39,"column":8},"end":{"line":39,"column":86}},{"start":{},"end":{}}],"line":39}},"s":{"0":1,"1":1,"2":1,"3":1,"4":1,"5":1,"6":6,"7":6,"8":1,"9":5,"10":1,"11":4,"12":4,"13":1,"14":3,"15":1,"16":2,"17":2,"18":1,"19":1,"20":0,"21":0,"22":0,"23":0,"24":0,"25":0,"26":0,"27":0,"28":0,"29":1},"f":{"0":6,"1":0,"2":0,"3":0},"b":{"0":[1,5],"1":[1,4],"2":[1,3],"3":[1,2],"4":[1,1],"5":[0,0],"6":[0,0]},"_coverageSchema":"1a1c01bbd47fc00a2c39e90264f33305004495a9","hash":"d13405665681c05cbfc0f60765e01333ab4bba49"}
,"E:\\Quang Duong\\Projects UIT\\Material Mastery\\material-mastery-server\\src\\services\\category.service.js": {"path":"E:\\Quang Duong\\Projects UIT\\Material Mastery\\material-mastery-server\\src\\services\\category.service.js","statementMap":{"0":{"start":{"line":3,"column":28},"end":{"line":3,"column":61}},"1":{"start":{"line":4,"column":71},"end":{"line":4,"column":113}},"2":{"start":{"line":7,"column":20},"end":{"line":14,"column":5}},"3":{"start":{"line":8,"column":23},"end":{"line":8,"column":30}},"4":{"start":{"line":9,"column":30},"end":{"line":9,"column":52}},"5":{"start":{"line":10,"column":8},"end":{"line":10,"column":80}},"6":{"start":{"line":10,"column":27},"end":{"line":10,"column":80}},"7":{"start":{"line":11,"column":28},"end":{"line":11,"column":57}},"8":{"start":{"line":12,"column":8},"end":{"line":12,"column":78}},"9":{"start":{"line":12,"column":26},"end":{"line":12,"column":78}},"10":{"start":{"line":13,"column":8},"end":{"line":13,"column":27}},"11":{"start":{"line":16,"column":30},"end":{"line":18,"column":5}},"12":{"start":{"line":17,"column":8},"end":{"line":17,"column":38}},"13":{"start":{"line":20,"column":28},"end":{"line":22,"column":5}},"14":{"start":{"line":21,"column":8},"end":{"line":21,"column":40}},"15":{"start":{"line":25,"column":0},"end":{"line":25,"column":33}}},"fnMap":{"0":{"name":"(anonymous_0)","decl":{"start":{"line":7,"column":20},"end":{"line":7,"column":21}},"loc":{"start":{"line":7,"column":39},"end":{"line":14,"column":5}},"line":7},"1":{"name":"(anonymous_1)","decl":{"start":{"line":16,"column":30},"end":{"line":16,"column":31}},"loc":{"start":{"line":16,"column":42},"end":{"line":18,"column":5}},"line":16},"2":{"name":"(anonymous_2)","decl":{"start":{"line":20,"column":28},"end":{"line":20,"column":29}},"loc":{"start":{"line":20,"column":42},"end":{"line":22,"column":5}},"line":20}},"branchMap":{"0":{"loc":{"start":{"line":10,"column":8},"end":{"line":10,"column":80}},"type":"if","locations":[{"start":{"line":10,"column":8},"end":{"line":10,"column":80}},{"start":{},"end":{}}],"line":10},"1":{"loc":{"start":{"line":12,"column":8},"end":{"line":12,"column":78}},"type":"if","locations":[{"start":{"line":12,"column":8},"end":{"line":12,"column":78}},{"start":{},"end":{}}],"line":12}},"s":{"0":1,"1":1,"2":1,"3":3,"4":3,"5":3,"6":1,"7":2,"8":2,"9":1,"10":1,"11":1,"12":0,"13":1,"14":0,"15":1},"f":{"0":3,"1":0,"2":0},"b":{"0":[1,2],"1":[1,1]},"_coverageSchema":"1a1c01bbd47fc00a2c39e90264f33305004495a9","hash":"87cba8fc05075932d132baf42ca89ef3456c59ec"}
,"E:\\Quang Duong\\Projects UIT\\Material Mastery\\material-mastery-server\\src\\services\\order.service.js": {"path":"E:\\Quang Duong\\Projects UIT\\Material Mastery\\material-mastery-server\\src\\services\\order.service.js","statementMap":{"0":{"start":{"line":2,"column":15},"end":{"line":2,"column":41}},"1":{"start":{"line":3,"column":28},"end":{"line":3,"column":61}},"2":{"start":{"line":4,"column":59},"end":{"line":4,"column":102}},"3":{"start":{"line":5,"column":102},"end":{"line":5,"column":141}},"4":{"start":{"line":6,"column":30},"end":{"line":6,"column":49}},"5":{"start":{"line":7,"column":23},"end":{"line":7,"column":51}},"6":{"start":{"line":8,"column":25},"end":{"line":8,"column":63}},"7":{"start":{"line":11,"column":33},"end":{"line":23,"column":5}},"8":{"start":{"line":12,"column":22},"end":{"line":14,"column":46}},"9":{"start":{"line":16,"column":8},"end":{"line":16,"column":67}},"10":{"start":{"line":16,"column":20},"end":{"line":16,"column":67}},"11":{"start":{"line":17,"column":21},"end":{"line":17,"column":55}},"12":{"start":{"line":18,"column":8},"end":{"line":18,"column":66}},"13":{"start":{"line":18,"column":19},"end":{"line":18,"column":66}},"14":{"start":{"line":19,"column":8},"end":{"line":22,"column":10}},"15":{"start":{"line":24,"column":30},"end":{"line":42,"column":5}},"16":{"start":{"line":25,"column":25},"end":{"line":25,"column":32}},"17":{"start":{"line":27,"column":20},"end":{"line":27,"column":22}},"18":{"start":{"line":28,"column":8},"end":{"line":34,"column":9}},"19":{"start":{"line":29,"column":12},"end":{"line":29,"column":75}},"20":{"start":{"line":31,"column":12},"end":{"line":33,"column":16}},"21":{"start":{"line":35,"column":8},"end":{"line":35,"column":67}},"22":{"start":{"line":35,"column":20},"end":{"line":35,"column":67}},"23":{"start":{"line":36,"column":8},"end":{"line":40,"column":9}},"24":{"start":{"line":36,"column":21},"end":{"line":36,"column":22}},"25":{"start":{"line":37,"column":25},"end":{"line":37,"column":77}},"26":{"start":{"line":38,"column":12},"end":{"line":38,"column":70}},"27":{"start":{"line":38,"column":23},"end":{"line":38,"column":70}},"28":{"start":{"line":39,"column":12},"end":{"line":39,"column":56}},"29":{"start":{"line":41,"column":8},"end":{"line":41,"column":21}},"30":{"start":{"line":43,"column":38},"end":{"line":60,"column":5}},"31":{"start":{"line":44,"column":25},"end":{"line":44,"column":32}},"32":{"start":{"line":45,"column":20},"end":{"line":45,"column":22}},"33":{"start":{"line":46,"column":8},"end":{"line":52,"column":9}},"34":{"start":{"line":47,"column":12},"end":{"line":47,"column":75}},"35":{"start":{"line":49,"column":12},"end":{"line":51,"column":16}},"36":{"start":{"line":53,"column":8},"end":{"line":53,"column":67}},"37":{"start":{"line":53,"column":20},"end":{"line":53,"column":67}},"38":{"start":{"line":54,"column":8},"end":{"line":58,"column":9}},"39":{"start":{"line":54,"column":21},"end":{"line":54,"column":22}},"40":{"start":{"line":55,"column":25},"end":{"line":55,"column":77}},"41":{"start":{"line":56,"column":12},"end":{"line":56,"column":70}},"42":{"start":{"line":56,"column":23},"end":{"line":56,"column":70}},"43":{"start":{"line":57,"column":12},"end":{"line":57,"column":56}},"44":{"start":{"line":59,"column":8},"end":{"line":59,"column":21}},"45":{"start":{"line":61,"column":26},"end":{"line":70,"column":5}},"46":{"start":{"line":62,"column":27},"end":{"line":64,"column":30}},"47":{"start":{"line":65,"column":21},"end":{"line":65,"column":78}},"48":{"start":{"line":66,"column":8},"end":{"line":69,"column":10}},"49":{"start":{"line":71,"column":35},"end":{"line":87,"column":5}},"50":{"start":{"line":72,"column":34},"end":{"line":72,"column":41}},"51":{"start":{"line":73,"column":22},"end":{"line":73,"column":76}},"52":{"start":{"line":74,"column":8},"end":{"line":74,"column":76}},"53":{"start":{"line":74,"column":20},"end":{"line":74,"column":76}},"54":{"start":{"line":75,"column":8},"end":{"line":85,"column":9}},"55":{"start":{"line":76,"column":42},"end":{"line":76,"column":47}},"56":{"start":{"line":77,"column":12},"end":{"line":84,"column":13}},"57":{"start":{"line":77,"column":25},"end":{"line":77,"column":26}},"58":{"start":{"line":78,"column":40},"end":{"line":78,"column":57}},"59":{"start":{"line":79,"column":54},"end":{"line":79,"column":70}},"60":{"start":{"line":80,"column":40},"end":{"line":80,"column":109}},"61":{"start":{"line":81,"column":16},"end":{"line":81,"column":94}},"62":{"start":{"line":81,"column":38},"end":{"line":81,"column":94}},"63":{"start":{"line":82,"column":38},"end":{"line":82,"column":140}},"64":{"start":{"line":83,"column":16},"end":{"line":83,"column":90}},"65":{"start":{"line":83,"column":36},"end":{"line":83,"column":90}},"66":{"start":{"line":86,"column":8},"end":{"line":86,"column":21}},"67":{"start":{"line":88,"column":31},"end":{"line":108,"column":5}},"68":{"start":{"line":89,"column":26},"end":{"line":89,"column":33}},"69":{"start":{"line":90,"column":27},"end":{"line":92,"column":11}},"70":{"start":{"line":93,"column":8},"end":{"line":93,"column":73}},"71":{"start":{"line":93,"column":28},"end":{"line":93,"column":73}},"72":{"start":{"line":94,"column":8},"end":{"line":94,"column":108}},"73":{"start":{"line":94,"column":55},"end":{"line":94,"column":108}},"74":{"start":{"line":95,"column":8},"end":{"line":95,"column":102}},"75":{"start":{"line":95,"column":53},"end":{"line":95,"column":102}},"76":{"start":{"line":96,"column":22},"end":{"line":96,"column":81}},"77":{"start":{"line":97,"column":8},"end":{"line":97,"column":71}},"78":{"start":{"line":97,"column":20},"end":{"line":97,"column":71}},"79":{"start":{"line":98,"column":38},"end":{"line":98,"column":43}},"80":{"start":{"line":99,"column":8},"end":{"line":106,"column":9}},"81":{"start":{"line":99,"column":21},"end":{"line":99,"column":22}},"82":{"start":{"line":100,"column":36},"end":{"line":100,"column":53}},"83":{"start":{"line":101,"column":50},"end":{"line":101,"column":66}},"84":{"start":{"line":102,"column":36},"end":{"line":102,"column":105}},"85":{"start":{"line":103,"column":12},"end":{"line":103,"column":90}},"86":{"start":{"line":103,"column":34},"end":{"line":103,"column":90}},"87":{"start":{"line":104,"column":34},"end":{"line":104,"column":136}},"88":{"start":{"line":105,"column":12},"end":{"line":105,"column":86}},"89":{"start":{"line":105,"column":32},"end":{"line":105,"column":86}},"90":{"start":{"line":107,"column":8},"end":{"line":107,"column":21}},"91":{"start":{"line":109,"column":41},"end":{"line":122,"column":5}},"92":{"start":{"line":110,"column":29},"end":{"line":110,"column":36}},"93":{"start":{"line":111,"column":28},"end":{"line":111,"column":93}},"94":{"start":{"line":112,"column":26},"end":{"line":112,"column":87}},"95":{"start":{"line":113,"column":8},"end":{"line":121,"column":9}},"96":{"start":{"line":123,"column":41},"end":{"line":133,"column":5}},"97":{"start":{"line":124,"column":8},"end":{"line":132,"column":9}},"98":{"start":{"line":134,"column":34},"end":{"line":153,"column":5}},"99":{"start":{"line":135,"column":37},"end":{"line":135,"column":44}},"100":{"start":{"line":136,"column":28},"end":{"line":136,"column":93}},"101":{"start":{"line":137,"column":26},"end":{"line":137,"column":87}},"102":{"start":{"line":138,"column":8},"end":{"line":145,"column":9}},"103":{"start":{"line":139,"column":12},"end":{"line":144,"column":16}},"104":{"start":{"line":146,"column":8},"end":{"line":152,"column":12}},"105":{"start":{"line":156,"column":0},"end":{"line":156,"column":30}}},"fnMap":{"0":{"name":"(anonymous_0)","decl":{"start":{"line":11,"column":33},"end":{"line":11,"column":34}},"loc":{"start":{"line":11,"column":52},"end":{"line":23,"column":5}},"line":11},"1":{"name":"(anonymous_1)","decl":{"start":{"line":24,"column":30},"end":{"line":24,"column":31}},"loc":{"start":{"line":24,"column":49},"end":{"line":42,"column":5}},"line":24},"2":{"name":"(anonymous_2)","decl":{"start":{"line":43,"column":38},"end":{"line":43,"column":39}},"loc":{"start":{"line":43,"column":57},"end":{"line":60,"column":5}},"line":43},"3":{"name":"(anonymous_3)","decl":{"start":{"line":61,"column":26},"end":{"line":61,"column":27}},"loc":{"start":{"line":61,"column":40},"end":{"line":70,"column":5}},"line":61},"4":{"name":"(anonymous_4)","decl":{"start":{"line":71,"column":35},"end":{"line":71,"column":36}},"loc":{"start":{"line":71,"column":54},"end":{"line":87,"column":5}},"line":71},"5":{"name":"(anonymous_5)","decl":{"start":{"line":88,"column":31},"end":{"line":88,"column":32}},"loc":{"start":{"line":88,"column":50},"end":{"line":108,"column":5}},"line":88},"6":{"name":"(anonymous_6)","decl":{"start":{"line":109,"column":41},"end":{"line":109,"column":42}},"loc":{"start":{"line":109,"column":60},"end":{"line":122,"column":5}},"line":109},"7":{"name":"(anonymous_7)","decl":{"start":{"line":123,"column":41},"end":{"line":123,"column":42}},"loc":{"start":{"line":123,"column":59},"end":{"line":133,"column":5}},"line":123},"8":{"name":"(anonymous_8)","decl":{"start":{"line":134,"column":34},"end":{"line":134,"column":35}},"loc":{"start":{"line":134,"column":53},"end":{"line":153,"column":5}},"line":134}},"branchMap":{"0":{"loc":{"start":{"line":16,"column":8},"end":{"line":16,"column":67}},"type":"if","locations":[{"start":{"line":16,"column":8},"end":{"line":16,"column":67}},{"start":{},"end":{}}],"line":16},"1":{"loc":{"start":{"line":18,"column":8},"end":{"line":18,"column":66}},"type":"if","locations":[{"start":{"line":18,"column":8},"end":{"line":18,"column":66}},{"start":{},"end":{}}],"line":18},"2":{"loc":{"start":{"line":28,"column":8},"end":{"line":34,"column":9}},"type":"if","locations":[{"start":{"line":28,"column":8},"end":{"line":34,"column":9}},{"start":{"line":30,"column":15},"end":{"line":34,"column":9}}],"line":28},"3":{"loc":{"start":{"line":35,"column":8},"end":{"line":35,"column":67}},"type":"if","locations":[{"start":{"line":35,"column":8},"end":{"line":35,"column":67}},{"start":{},"end":{}}],"line":35},"4":{"loc":{"start":{"line":38,"column":12},"end":{"line":38,"column":70}},"type":"if","locations":[{"start":{"line":38,"column":12},"end":{"line":38,"column":70}},{"start":{},"end":{}}],"line":38},"5":{"loc":{"start":{"line":46,"column":8},"end":{"line":52,"column":9}},"type":"if","locations":[{"start":{"line":46,"column":8},"end":{"line":52,"column":9}},{"start":{"line":48,"column":15},"end":{"line":52,"column":9}}],"line":46},"6":{"loc":{"start":{"line":53,"column":8},"end":{"line":53,"column":67}},"type":"if","locations":[{"start":{"line":53,"column":8},"end":{"line":53,"column":67}},{"start":{},"end":{}}],"line":53},"7":{"loc":{"start":{"line":56,"column":12},"end":{"line":56,"column":70}},"type":"if","locations":[{"start":{"line":56,"column":12},"end":{"line":56,"column":70}},{"start":{},"end":{}}],"line":56},"8":{"loc":{"start":{"line":74,"column":8},"end":{"line":74,"column":76}},"type":"if","locations":[{"start":{"line":74,"column":8},"end":{"line":74,"column":76}},{"start":{},"end":{}}],"line":74},"9":{"loc":{"start":{"line":75,"column":8},"end":{"line":85,"column":9}},"type":"if","locations":[{"start":{"line":75,"column":8},"end":{"line":85,"column":9}},{"start":{},"end":{}}],"line":75},"10":{"loc":{"start":{"line":76,"column":19},"end":{"line":76,"column":38}},"type":"default-arg","locations":[{"start":{"line":76,"column":36},"end":{"line":76,"column":38}}],"line":76},"11":{"loc":{"start":{"line":81,"column":16},"end":{"line":81,"column":94}},"type":"if","locations":[{"start":{"line":81,"column":16},"end":{"line":81,"column":94}},{"start":{},"end":{}}],"line":81},"12":{"loc":{"start":{"line":83,"column":16},"end":{"line":83,"column":90}},"type":"if","locations":[{"start":{"line":83,"column":16},"end":{"line":83,"column":90}},{"start":{},"end":{}}],"line":83},"13":{"loc":{"start":{"line":93,"column":8},"end":{"line":93,"column":73}},"type":"if","locations":[{"start":{"line":93,"column":8},"end":{"line":93,"column":73}},{"start":{},"end":{}}],"line":93},"14":{"loc":{"start":{"line":94,"column":8},"end":{"line":94,"column":108}},"type":"if","locations":[{"start":{"line":94,"column":8},"end":{"line":94,"column":108}},{"start":{},"end":{}}],"line":94},"15":{"loc":{"start":{"line":95,"column":8},"end":{"line":95,"column":102}},"type":"if","locations":[{"start":{"line":95,"column":8},"end":{"line":95,"column":102}},{"start":{},"end":{}}],"line":95},"16":{"loc":{"start":{"line":97,"column":8},"end":{"line":97,"column":71}},"type":"if","locations":[{"start":{"line":97,"column":8},"end":{"line":97,"column":71}},{"start":{},"end":{}}],"line":97},"17":{"loc":{"start":{"line":98,"column":15},"end":{"line":98,"column":34}},"type":"default-arg","locations":[{"start":{"line":98,"column":32},"end":{"line":98,"column":34}}],"line":98},"18":{"loc":{"start":{"line":103,"column":12},"end":{"line":103,"column":90}},"type":"if","locations":[{"start":{"line":103,"column":12},"end":{"line":103,"column":90}},{"start":{},"end":{}}],"line":103},"19":{"loc":{"start":{"line":105,"column":12},"end":{"line":105,"column":86}},"type":"if","locations":[{"start":{"line":105,"column":12},"end":{"line":105,"column":86}},{"start":{},"end":{}}],"line":105},"20":{"loc":{"start":{"line":138,"column":8},"end":{"line":145,"column":9}},"type":"if","locations":[{"start":{"line":138,"column":8},"end":{"line":145,"column":9}},{"start":{},"end":{}}],"line":138}},"s":{"0":1,"1":1,"2":1,"3":1,"4":1,"5":1,"6":1,"7":1,"8":0,"9":0,"10":0,"11":0,"12":0,"13":0,"14":0,"15":1,"16":0,"17":0,"18":0,"19":0,"20":0,"21":0,"22":0,"23":0,"24":0,"25":0,"26":0,"27":0,"28":0,"29":0,"30":1,"31":0,"32":0,"33":0,"34":0,"35":0,"36":0,"37":0,"38":0,"39":0,"40":0,"41":0,"42":0,"43":0,"44":0,"45":1,"46":0,"47":0,"48":0,"49":1,"50":4,"51":4,"52":4,"53":1,"54":3,"55":2,"56":2,"57":2,"58":4,"59":4,"60":4,"61":4,"62":1,"63":3,"64":3,"65":1,"66":1,"67":1,"68":0,"69":0,"70":0,"71":0,"72":0,"73":0,"74":0,"75":0,"76":0,"77":0,"78":0,"79":0,"80":0,"81":0,"82":0,"83":0,"84":0,"85":0,"86":0,"87":0,"88":0,"89":0,"90":0,"91":1,"92":0,"93":0,"94":0,"95":0,"96":1,"97":0,"98":1,"99":0,"100":0,"101":0,"102":0,"103":0,"104":0,"105":1},"f":{"0":0,"1":0,"2":0,"3":0,"4":4,"5":0,"6":0,"7":0,"8":0},"b":{"0":[0,0],"1":[0,0],"2":[0,0],"3":[0,0],"4":[0,0],"5":[0,0],"6":[0,0],"7":[0,0],"8":[1,3],"9":[2,1],"10":[0],"11":[1,3],"12":[1,2],"13":[0,0],"14":[0,0],"15":[0,0],"16":[0,0],"17":[0],"18":[0,0],"19":[0,0],"20":[0,0]},"_coverageSchema":"1a1c01bbd47fc00a2c39e90264f33305004495a9","hash":"d8f1de2dcedcd50cb8ed8618d4934cbe5aa8788f"}
,"E:\\Quang Duong\\Projects UIT\\Material Mastery\\material-mastery-server\\src\\services\\product.service.js": {"path":"E:\\Quang Duong\\Projects UIT\\Material Mastery\\material-mastery-server\\src\\services\\product.service.js","statementMap":{"0":{"start":{"line":2,"column":37},"end":{"line":2,"column":56}},"1":{"start":{"line":3,"column":43},"end":{"line":3,"column":76}},"2":{"start":{"line":4,"column":21},"end":{"line":4,"column":55}},"3":{"start":{"line":5,"column":21},"end":{"line":5,"column":55}},"4":{"start":{"line":6,"column":54},"end":{"line":6,"column":96}},"5":{"start":{"line":7,"column":65},"end":{"line":7,"column":108}},"6":{"start":{"line":8,"column":99},"end":{"line":8,"column":145}},"7":{"start":{"line":9,"column":244},"end":{"line":9,"column":285}},"8":{"start":{"line":10,"column":54},"end":{"line":10,"column":73}},"9":{"start":{"line":11,"column":16},"end":{"line":13,"column":1}},"10":{"start":{"line":17,"column":23},"end":{"line":17,"column":30}},"11":{"start":{"line":18,"column":29},"end":{"line":18,"column":58}},"12":{"start":{"line":19,"column":8},"end":{"line":19,"column":78}},"13":{"start":{"line":19,"column":26},"end":{"line":19,"column":78}},"14":{"start":{"line":20,"column":27},"end":{"line":20,"column":55}},"15":{"start":{"line":21,"column":8},"end":{"line":21,"column":76}},"16":{"start":{"line":21,"column":25},"end":{"line":21,"column":76}},"17":{"start":{"line":22,"column":8},"end":{"line":28,"column":9}},"18":{"start":{"line":23,"column":12},"end":{"line":27,"column":14}},"19":{"start":{"line":29,"column":8},"end":{"line":29,"column":26}},"20":{"start":{"line":34,"column":8},"end":{"line":34,"column":82}},"21":{"start":{"line":38,"column":24},"end":{"line":38,"column":51}},"22":{"start":{"line":39,"column":8},"end":{"line":41,"column":9}},"23":{"start":{"line":40,"column":12},"end":{"line":40,"column":68}},"24":{"start":{"line":42,"column":8},"end":{"line":42,"column":23}},"25":{"start":{"line":46,"column":28},"end":{"line":46,"column":58}},"26":{"start":{"line":47,"column":24},"end":{"line":47,"column":84}},"27":{"start":{"line":48,"column":8},"end":{"line":48,"column":73}},"28":{"start":{"line":48,"column":22},"end":{"line":48,"column":73}},"29":{"start":{"line":49,"column":8},"end":{"line":60,"column":9}},"30":{"start":{"line":50,"column":12},"end":{"line":50,"column":75}},"31":{"start":{"line":51,"column":12},"end":{"line":59,"column":13}},"32":{"start":{"line":52,"column":16},"end":{"line":56,"column":18}},"33":{"start":{"line":57,"column":19},"end":{"line":59,"column":13}},"34":{"start":{"line":58,"column":16},"end":{"line":58,"column":72}},"35":{"start":{"line":61,"column":8},"end":{"line":61,"column":23}},"36":{"start":{"line":65,"column":29},"end":{"line":65,"column":64}},"37":{"start":{"line":66,"column":8},"end":{"line":66,"column":71}},"38":{"start":{"line":66,"column":27},"end":{"line":66,"column":71}},"39":{"start":{"line":67,"column":25},"end":{"line":69,"column":45}},"40":{"start":{"line":70,"column":8},"end":{"line":70,"column":77}},"41":{"start":{"line":70,"column":23},"end":{"line":70,"column":77}},"42":{"start":{"line":71,"column":8},"end":{"line":74,"column":9}},"43":{"start":{"line":78,"column":30},"end":{"line":78,"column":82}},"44":{"start":{"line":79,"column":8},"end":{"line":79,"column":74}},"45":{"start":{"line":79,"column":28},"end":{"line":79,"column":74}},"46":{"start":{"line":80,"column":8},"end":{"line":83,"column":53}},"47":{"start":{"line":87,"column":8},"end":{"line":111,"column":11}},"48":{"start":{"line":88,"column":29},"end":{"line":99,"column":13}},"49":{"start":{"line":100,"column":27},"end":{"line":100,"column":65}},"50":{"start":{"line":101,"column":12},"end":{"line":107,"column":13}},"51":{"start":{"line":102,"column":54},"end":{"line":102,"column":63}},"52":{"start":{"line":103,"column":32},"end":{"line":105,"column":18}},"53":{"start":{"line":106,"column":16},"end":{"line":106,"column":31}},"54":{"start":{"line":108,"column":12},"end":{"line":108,"column":24}},"55":{"start":{"line":110,"column":12},"end":{"line":110,"column":45}},"56":{"start":{"line":115,"column":8},"end":{"line":115,"column":45}},"57":{"start":{"line":119,"column":8},"end":{"line":119,"column":47}},"58":{"start":{"line":122,"column":8},"end":{"line":125,"column":9}},"59":{"start":{"line":128,"column":8},"end":{"line":131,"column":9}},"60":{"start":{"line":134,"column":8},"end":{"line":134,"column":57}},"61":{"start":{"line":137,"column":25},"end":{"line":139,"column":11}},"62":{"start":{"line":140,"column":8},"end":{"line":144,"column":9}},"63":{"start":{"line":141,"column":30},"end":{"line":141,"column":84}},"64":{"start":{"line":142,"column":12},"end":{"line":142,"column":99}},"65":{"start":{"line":145,"column":8},"end":{"line":145,"column":81}},"66":{"start":{"line":145,"column":32},"end":{"line":145,"column":79}},"67":{"start":{"line":146,"column":8},"end":{"line":146,"column":24}},"68":{"start":{"line":150,"column":0},"end":{"line":150,"column":32}}},"fnMap":{"0":{"name":"(anonymous_0)","decl":{"start":{"line":16,"column":4},"end":{"line":16,"column":5}},"loc":{"start":{"line":16,"column":40},"end":{"line":30,"column":5}},"line":16},"1":{"name":"(anonymous_1)","decl":{"start":{"line":32,"column":4},"end":{"line":32,"column":5}},"loc":{"start":{"line":32,"column":41},"end":{"line":35,"column":5}},"line":32},"2":{"name":"(anonymous_2)","decl":{"start":{"line":37,"column":4},"end":{"line":37,"column":5}},"loc":{"start":{"line":37,"column":39},"end":{"line":43,"column":5}},"line":37},"3":{"name":"(anonymous_3)","decl":{"start":{"line":45,"column":4},"end":{"line":45,"column":5}},"loc":{"start":{"line":45,"column":48},"end":{"line":62,"column":5}},"line":45},"4":{"name":"(anonymous_4)","decl":{"start":{"line":64,"column":4},"end":{"line":64,"column":5}},"loc":{"start":{"line":64,"column":43},"end":{"line":75,"column":5}},"line":64},"5":{"name":"(anonymous_5)","decl":{"start":{"line":77,"column":4},"end":{"line":77,"column":5}},"loc":{"start":{"line":77,"column":61},"end":{"line":84,"column":5}},"line":77},"6":{"name":"(anonymous_6)","decl":{"start":{"line":86,"column":4},"end":{"line":86,"column":5}},"loc":{"start":{"line":86,"column":48},"end":{"line":112,"column":5}},"line":86},"7":{"name":"(anonymous_7)","decl":{"start":{"line":114,"column":4},"end":{"line":114,"column":5}},"loc":{"start":{"line":114,"column":41},"end":{"line":116,"column":5}},"line":114},"8":{"name":"(anonymous_8)","decl":{"start":{"line":118,"column":4},"end":{"line":118,"column":5}},"loc":{"start":{"line":118,"column":43},"end":{"line":120,"column":5}},"line":118},"9":{"name":"(anonymous_9)","decl":{"start":{"line":121,"column":4},"end":{"line":121,"column":5}},"loc":{"start":{"line":121,"column":39},"end":{"line":126,"column":5}},"line":121},"10":{"name":"(anonymous_10)","decl":{"start":{"line":127,"column":4},"end":{"line":127,"column":5}},"loc":{"start":{"line":127,"column":59},"end":{"line":132,"column":5}},"line":127},"11":{"name":"(anonymous_11)","decl":{"start":{"line":133,"column":4},"end":{"line":133,"column":5}},"loc":{"start":{"line":133,"column":53},"end":{"line":135,"column":5}},"line":133},"12":{"name":"(anonymous_12)","decl":{"start":{"line":136,"column":4},"end":{"line":136,"column":5}},"loc":{"start":{"line":136,"column":45},"end":{"line":147,"column":5}},"line":136},"13":{"name":"(anonymous_13)","decl":{"start":{"line":145,"column":22},"end":{"line":145,"column":23}},"loc":{"start":{"line":145,"column":32},"end":{"line":145,"column":79}},"line":145}},"branchMap":{"0":{"loc":{"start":{"line":19,"column":8},"end":{"line":19,"column":78}},"type":"if","locations":[{"start":{"line":19,"column":8},"end":{"line":19,"column":78}},{"start":{},"end":{}}],"line":19},"1":{"loc":{"start":{"line":21,"column":8},"end":{"line":21,"column":76}},"type":"if","locations":[{"start":{"line":21,"column":8},"end":{"line":21,"column":76}},{"start":{},"end":{}}],"line":21},"2":{"loc":{"start":{"line":22,"column":8},"end":{"line":28,"column":9}},"type":"if","locations":[{"start":{"line":22,"column":8},"end":{"line":28,"column":9}},{"start":{},"end":{}}],"line":22},"3":{"loc":{"start":{"line":39,"column":8},"end":{"line":41,"column":9}},"type":"if","locations":[{"start":{"line":39,"column":8},"end":{"line":41,"column":9}},{"start":{},"end":{}}],"line":39},"4":{"loc":{"start":{"line":48,"column":8},"end":{"line":48,"column":73}},"type":"if","locations":[{"start":{"line":48,"column":8},"end":{"line":48,"column":73}},{"start":{},"end":{}}],"line":48},"5":{"loc":{"start":{"line":49,"column":8},"end":{"line":60,"column":9}},"type":"if","locations":[{"start":{"line":49,"column":8},"end":{"line":60,"column":9}},{"start":{},"end":{}}],"line":49},"6":{"loc":{"start":{"line":51,"column":12},"end":{"line":59,"column":13}},"type":"if","locations":[{"start":{"line":51,"column":12},"end":{"line":59,"column":13}},{"start":{"line":57,"column":19},"end":{"line":59,"column":13}}],"line":51},"7":{"loc":{"start":{"line":57,"column":19},"end":{"line":59,"column":13}},"type":"if","locations":[{"start":{"line":57,"column":19},"end":{"line":59,"column":13}},{"start":{},"end":{}}],"line":57},"8":{"loc":{"start":{"line":66,"column":8},"end":{"line":66,"column":71}},"type":"if","locations":[{"start":{"line":66,"column":8},"end":{"line":66,"column":71}},{"start":{},"end":{}}],"line":66},"9":{"loc":{"start":{"line":70,"column":8},"end":{"line":70,"column":77}},"type":"if","locations":[{"start":{"line":70,"column":8},"end":{"line":70,"column":77}},{"start":{},"end":{}}],"line":70},"10":{"loc":{"start":{"line":79,"column":8},"end":{"line":79,"column":74}},"type":"if","locations":[{"start":{"line":79,"column":8},"end":{"line":79,"column":74}},{"start":{},"end":{}}],"line":79},"11":{"loc":{"start":{"line":101,"column":12},"end":{"line":107,"column":13}},"type":"if","locations":[{"start":{"line":101,"column":12},"end":{"line":107,"column":13}},{"start":{},"end":{}}],"line":101},"12":{"loc":{"start":{"line":104,"column":41},"end":{"line":104,"column":90}},"type":"cond-expr","locations":[{"start":{"line":104,"column":60},"end":{"line":104,"column":86}},{"start":{"line":104,"column":89},"end":{"line":104,"column":90}}],"line":104},"13":{"loc":{"start":{"line":142,"column":43},"end":{"line":142,"column":98}},"type":"cond-expr","locations":[{"start":{"line":142,"column":55},"end":{"line":142,"column":94}},{"start":{"line":142,"column":97},"end":{"line":142,"column":98}}],"line":142}},"s":{"0":4,"1":4,"2":4,"3":4,"4":4,"5":4,"6":4,"7":4,"8":4,"9":4,"10":4,"11":4,"12":4,"13":1,"14":3,"15":3,"16":1,"17":2,"18":1,"19":2,"20":0,"21":0,"22":0,"23":0,"24":0,"25":5,"26":5,"27":5,"28":1,"29":4,"30":3,"31":3,"32":1,"33":2,"34":1,"35":4,"36":3,"37":3,"38":1,"39":2,"40":2,"41":1,"42":1,"43":0,"44":0,"45":0,"46":0,"47":0,"48":0,"49":0,"50":0,"51":0,"52":0,"53":0,"54":0,"55":0,"56":0,"57":0,"58":0,"59":0,"60":0,"61":0,"62":0,"63":0,"64":0,"65":0,"66":0,"67":0,"68":4},"f":{"0":4,"1":0,"2":0,"3":5,"4":3,"5":0,"6":0,"7":0,"8":0,"9":0,"10":0,"11":0,"12":0,"13":0},"b":{"0":[1,3],"1":[1,2],"2":[1,1],"3":[0,0],"4":[1,4],"5":[3,1],"6":[1,2],"7":[1,1],"8":[1,2],"9":[1,1],"10":[0,0],"11":[0,0],"12":[0,0],"13":[0,0]},"_coverageSchema":"1a1c01bbd47fc00a2c39e90264f33305004495a9","hash":"95b63a95290ea45c3c068de89402d31847c477ae"}
,"E:\\Quang Duong\\Projects UIT\\Material Mastery\\material-mastery-server\\src\\services\\user.service.js": {"path":"E:\\Quang Duong\\Projects UIT\\Material Mastery\\material-mastery-server\\src\\services\\user.service.js","statementMap":{"0":{"start":{"line":3,"column":43},"end":{"line":3,"column":76}},"1":{"start":{"line":4,"column":41},"end":{"line":4,"column":79}},"2":{"start":{"line":5,"column":43},"end":{"line":5,"column":74}},"3":{"start":{"line":6,"column":54},"end":{"line":6,"column":73}},"4":{"start":{"line":9,"column":24},"end":{"line":9,"column":26}},"5":{"start":{"line":12,"column":4},"end":{"line":12,"column":46}},"6":{"start":{"line":16,"column":21},"end":{"line":16,"column":51}},"7":{"start":{"line":17,"column":4},"end":{"line":17,"column":75}},"8":{"start":{"line":17,"column":19},"end":{"line":17,"column":75}},"9":{"start":{"line":18,"column":4},"end":{"line":18,"column":46}},"10":{"start":{"line":23,"column":4},"end":{"line":24,"column":51}},"11":{"start":{"line":24,"column":6},"end":{"line":24,"column":51}},"12":{"start":{"line":25,"column":22},"end":{"line":25,"column":49}},"13":{"start":{"line":26,"column":4},"end":{"line":26,"column":64}},"14":{"start":{"line":26,"column":20},"end":{"line":26,"column":64}},"15":{"start":{"line":28,"column":17},"end":{"line":28,"column":35}},"16":{"start":{"line":29,"column":21},"end":{"line":29,"column":51}},"17":{"start":{"line":30,"column":4},"end":{"line":30,"column":75}},"18":{"start":{"line":30,"column":19},"end":{"line":30,"column":75}},"19":{"start":{"line":31,"column":4},"end":{"line":31,"column":53}},"20":{"start":{"line":35,"column":22},"end":{"line":35,"column":49}},"21":{"start":{"line":36,"column":4},"end":{"line":36,"column":62}},"22":{"start":{"line":36,"column":20},"end":{"line":36,"column":62}},"23":{"start":{"line":37,"column":4},"end":{"line":37,"column":21}},"24":{"start":{"line":41,"column":18},"end":{"line":41,"column":45}},"25":{"start":{"line":42,"column":4},"end":{"line":42,"column":17}},"26":{"start":{"line":46,"column":18},"end":{"line":46,"column":49}},"27":{"start":{"line":47,"column":4},"end":{"line":47,"column":17}},"28":{"start":{"line":51,"column":18},"end":{"line":51,"column":46}},"29":{"start":{"line":52,"column":4},"end":{"line":52,"column":17}},"30":{"start":{"line":56,"column":18},"end":{"line":56,"column":48}},"31":{"start":{"line":57,"column":4},"end":{"line":57,"column":17}},"32":{"start":{"line":72,"column":4},"end":{"line":72,"column":29}},"33":{"start":{"line":73,"column":4},"end":{"line":73,"column":29}},"34":{"start":{"line":74,"column":4},"end":{"line":74,"column":23}},"35":{"start":{"line":75,"column":4},"end":{"line":75,"column":37}},"36":{"start":{"line":76,"column":4},"end":{"line":76,"column":23}},"37":{"start":{"line":77,"column":4},"end":{"line":77,"column":25}},"38":{"start":{"line":78,"column":4},"end":{"line":78,"column":23}},"39":{"start":{"line":79,"column":4},"end":{"line":79,"column":43}},"40":{"start":{"line":83,"column":20},"end":{"line":83,"column":59}},"41":{"start":{"line":84,"column":4},"end":{"line":84,"column":19}},"42":{"start":{"line":88,"column":20},"end":{"line":88,"column":64}},"43":{"start":{"line":89,"column":4},"end":{"line":89,"column":19}},"44":{"start":{"line":95,"column":24},"end":{"line":95,"column":67}},"45":{"start":{"line":96,"column":4},"end":{"line":96,"column":75}},"46":{"start":{"line":96,"column":22},"end":{"line":96,"column":75}},"47":{"start":{"line":97,"column":4},"end":{"line":97,"column":39}},"48":{"start":{"line":100,"column":20},"end":{"line":100,"column":59}},"49":{"start":{"line":101,"column":4},"end":{"line":101,"column":67}},"50":{"start":{"line":101,"column":18},"end":{"line":101,"column":67}},"51":{"start":{"line":102,"column":4},"end":{"line":102,"column":19}},"52":{"start":{"line":106,"column":20},"end":{"line":106,"column":47}},"53":{"start":{"line":107,"column":4},"end":{"line":113,"column":5}},"54":{"start":{"line":108,"column":6},"end":{"line":112,"column":8}},"55":{"start":{"line":115,"column":23},"end":{"line":118,"column":5}},"56":{"start":{"line":119,"column":4},"end":{"line":119,"column":22}},"57":{"start":{"line":125,"column":24},"end":{"line":125,"column":64}},"58":{"start":{"line":126,"column":4},"end":{"line":126,"column":77}},"59":{"start":{"line":126,"column":22},"end":{"line":126,"column":77}},"60":{"start":{"line":127,"column":4},"end":{"line":127,"column":39}},"61":{"start":{"line":129,"column":20},"end":{"line":129,"column":59}},"62":{"start":{"line":130,"column":4},"end":{"line":130,"column":67}},"63":{"start":{"line":130,"column":18},"end":{"line":130,"column":67}},"64":{"start":{"line":131,"column":4},"end":{"line":131,"column":19}},"65":{"start":{"line":134,"column":20},"end":{"line":134,"column":47}},"66":{"start":{"line":135,"column":4},"end":{"line":141,"column":5}},"67":{"start":{"line":136,"column":6},"end":{"line":140,"column":8}},"68":{"start":{"line":143,"column":23},"end":{"line":146,"column":5}},"69":{"start":{"line":147,"column":4},"end":{"line":147,"column":22}},"70":{"start":{"line":153,"column":24},"end":{"line":153,"column":66}},"71":{"start":{"line":154,"column":4},"end":{"line":154,"column":79}},"72":{"start":{"line":154,"column":22},"end":{"line":154,"column":79}},"73":{"start":{"line":155,"column":4},"end":{"line":155,"column":39}},"74":{"start":{"line":157,"column":20},"end":{"line":157,"column":59}},"75":{"start":{"line":158,"column":4},"end":{"line":158,"column":67}},"76":{"start":{"line":158,"column":18},"end":{"line":158,"column":67}},"77":{"start":{"line":159,"column":4},"end":{"line":159,"column":19}},"78":{"start":{"line":162,"column":20},"end":{"line":162,"column":47}},"79":{"start":{"line":163,"column":4},"end":{"line":169,"column":5}},"80":{"start":{"line":164,"column":6},"end":{"line":168,"column":8}},"81":{"start":{"line":171,"column":23},"end":{"line":174,"column":5}},"82":{"start":{"line":175,"column":4},"end":{"line":175,"column":22}},"83":{"start":{"line":179,"column":0},"end":{"line":179,"column":47}},"84":{"start":{"line":180,"column":0},"end":{"line":180,"column":41}},"85":{"start":{"line":181,"column":0},"end":{"line":181,"column":45}},"86":{"start":{"line":183,"column":0},"end":{"line":183,"column":29}}},"fnMap":{"0":{"name":"(anonymous_0)","decl":{"start":{"line":11,"column":2},"end":{"line":11,"column":3}},"loc":{"start":{"line":11,"column":38},"end":{"line":13,"column":3}},"line":11},"1":{"name":"(anonymous_1)","decl":{"start":{"line":15,"column":2},"end":{"line":15,"column":3}},"loc":{"start":{"line":15,"column":41},"end":{"line":19,"column":3}},"line":15},"2":{"name":"(anonymous_2)","decl":{"start":{"line":21,"column":2},"end":{"line":21,"column":3}},"loc":{"start":{"line":21,"column":63},"end":{"line":32,"column":3}},"line":21},"3":{"name":"(anonymous_3)","decl":{"start":{"line":34,"column":2},"end":{"line":34,"column":3}},"loc":{"start":{"line":34,"column":37},"end":{"line":38,"column":3}},"line":34},"4":{"name":"(anonymous_4)","decl":{"start":{"line":40,"column":2},"end":{"line":40,"column":3}},"loc":{"start":{"line":40,"column":34},"end":{"line":43,"column":3}},"line":40},"5":{"name":"(anonymous_5)","decl":{"start":{"line":45,"column":2},"end":{"line":45,"column":3}},"loc":{"start":{"line":45,"column":38},"end":{"line":48,"column":3}},"line":45},"6":{"name":"(anonymous_6)","decl":{"start":{"line":50,"column":2},"end":{"line":50,"column":3}},"loc":{"start":{"line":50,"column":35},"end":{"line":53,"column":3}},"line":50},"7":{"name":"(anonymous_7)","decl":{"start":{"line":55,"column":2},"end":{"line":55,"column":3}},"loc":{"start":{"line":55,"column":37},"end":{"line":58,"column":3}},"line":55},"8":{"name":"(anonymous_8)","decl":{"start":{"line":62,"column":2},"end":{"line":62,"column":3}},"loc":{"start":{"line":71,"column":5},"end":{"line":80,"column":3}},"line":71},"9":{"name":"(anonymous_9)","decl":{"start":{"line":82,"column":2},"end":{"line":82,"column":3}},"loc":{"start":{"line":82,"column":23},"end":{"line":85,"column":3}},"line":82},"10":{"name":"(anonymous_10)","decl":{"start":{"line":87,"column":2},"end":{"line":87,"column":3}},"loc":{"start":{"line":87,"column":37},"end":{"line":90,"column":3}},"line":87},"11":{"name":"(anonymous_11)","decl":{"start":{"line":94,"column":2},"end":{"line":94,"column":3}},"loc":{"start":{"line":94,"column":21},"end":{"line":103,"column":3}},"line":94},"12":{"name":"(anonymous_12)","decl":{"start":{"line":105,"column":2},"end":{"line":105,"column":3}},"loc":{"start":{"line":105,"column":28},"end":{"line":120,"column":3}},"line":105},"13":{"name":"(anonymous_13)","decl":{"start":{"line":124,"column":2},"end":{"line":124,"column":3}},"loc":{"start":{"line":124,"column":21},"end":{"line":132,"column":3}},"line":124},"14":{"name":"(anonymous_14)","decl":{"start":{"line":133,"column":2},"end":{"line":133,"column":3}},"loc":{"start":{"line":133,"column":28},"end":{"line":148,"column":3}},"line":133},"15":{"name":"(anonymous_15)","decl":{"start":{"line":152,"column":2},"end":{"line":152,"column":3}},"loc":{"start":{"line":152,"column":21},"end":{"line":160,"column":3}},"line":152},"16":{"name":"(anonymous_16)","decl":{"start":{"line":161,"column":2},"end":{"line":161,"column":3}},"loc":{"start":{"line":161,"column":28},"end":{"line":176,"column":3}},"line":161}},"branchMap":{"0":{"loc":{"start":{"line":17,"column":4},"end":{"line":17,"column":75}},"type":"if","locations":[{"start":{"line":17,"column":4},"end":{"line":17,"column":75}},{"start":{},"end":{}}],"line":17},"1":{"loc":{"start":{"line":23,"column":4},"end":{"line":24,"column":51}},"type":"if","locations":[{"start":{"line":23,"column":4},"end":{"line":24,"column":51}},{"start":{},"end":{}}],"line":23},"2":{"loc":{"start":{"line":26,"column":4},"end":{"line":26,"column":64}},"type":"if","locations":[{"start":{"line":26,"column":4},"end":{"line":26,"column":64}},{"start":{},"end":{}}],"line":26},"3":{"loc":{"start":{"line":30,"column":4},"end":{"line":30,"column":75}},"type":"if","locations":[{"start":{"line":30,"column":4},"end":{"line":30,"column":75}},{"start":{},"end":{}}],"line":30},"4":{"loc":{"start":{"line":36,"column":4},"end":{"line":36,"column":62}},"type":"if","locations":[{"start":{"line":36,"column":4},"end":{"line":36,"column":62}},{"start":{},"end":{}}],"line":36},"5":{"loc":{"start":{"line":96,"column":4},"end":{"line":96,"column":75}},"type":"if","locations":[{"start":{"line":96,"column":4},"end":{"line":96,"column":75}},{"start":{},"end":{}}],"line":96},"6":{"loc":{"start":{"line":101,"column":4},"end":{"line":101,"column":67}},"type":"if","locations":[{"start":{"line":101,"column":4},"end":{"line":101,"column":67}},{"start":{},"end":{}}],"line":101},"7":{"loc":{"start":{"line":107,"column":4},"end":{"line":113,"column":5}},"type":"if","locations":[{"start":{"line":107,"column":4},"end":{"line":113,"column":5}},{"start":{},"end":{}}],"line":107},"8":{"loc":{"start":{"line":126,"column":4},"end":{"line":126,"column":77}},"type":"if","locations":[{"start":{"line":126,"column":4},"end":{"line":126,"column":77}},{"start":{},"end":{}}],"line":126},"9":{"loc":{"start":{"line":130,"column":4},"end":{"line":130,"column":67}},"type":"if","locations":[{"start":{"line":130,"column":4},"end":{"line":130,"column":67}},{"start":{},"end":{}}],"line":130},"10":{"loc":{"start":{"line":135,"column":4},"end":{"line":141,"column":5}},"type":"if","locations":[{"start":{"line":135,"column":4},"end":{"line":141,"column":5}},{"start":{},"end":{}}],"line":135},"11":{"loc":{"start":{"line":154,"column":4},"end":{"line":154,"column":79}},"type":"if","locations":[{"start":{"line":154,"column":4},"end":{"line":154,"column":79}},{"start":{},"end":{}}],"line":154},"12":{"loc":{"start":{"line":158,"column":4},"end":{"line":158,"column":67}},"type":"if","locations":[{"start":{"line":158,"column":4},"end":{"line":158,"column":67}},{"start":{},"end":{}}],"line":158},"13":{"loc":{"start":{"line":163,"column":4},"end":{"line":169,"column":5}},"type":"if","locations":[{"start":{"line":163,"column":4},"end":{"line":169,"column":5}},{"start":{},"end":{}}],"line":163}},"s":{"0":2,"1":2,"2":2,"3":2,"4":2,"5":6,"6":0,"7":0,"8":0,"9":0,"10":0,"11":0,"12":0,"13":0,"14":0,"15":0,"16":0,"17":0,"18":0,"19":0,"20":0,"21":0,"22":0,"23":0,"24":0,"25":0,"26":0,"27":0,"28":0,"29":0,"30":0,"31":0,"32":0,"33":0,"34":0,"35":0,"36":0,"37":0,"38":0,"39":0,"40":0,"41":0,"42":0,"43":0,"44":0,"45":0,"46":0,"47":0,"48":0,"49":0,"50":0,"51":0,"52":0,"53":0,"54":0,"55":0,"56":0,"57":0,"58":0,"59":0,"60":0,"61":0,"62":0,"63":0,"64":0,"65":0,"66":0,"67":0,"68":0,"69":0,"70":0,"71":0,"72":0,"73":0,"74":0,"75":0,"76":0,"77":0,"78":0,"79":0,"80":0,"81":0,"82":0,"83":2,"84":2,"85":2,"86":2},"f":{"0":6,"1":0,"2":0,"3":0,"4":0,"5":0,"6":0,"7":0,"8":0,"9":0,"10":0,"11":0,"12":0,"13":0,"14":0,"15":0,"16":0},"b":{"0":[0,0],"1":[0,0],"2":[0,0],"3":[0,0],"4":[0,0],"5":[0,0],"6":[0,0],"7":[0,0],"8":[0,0],"9":[0,0],"10":[0,0],"11":[0,0],"12":[0,0],"13":[0,0]},"_coverageSchema":"1a1c01bbd47fc00a2c39e90264f33305004495a9","hash":"50b004ded0c90a9e38dfc6f8264de9a292b7cf2e"}
,"E:\\Quang Duong\\Projects UIT\\Material Mastery\\material-mastery-server\\src\\utils\\httpStatusCode.js": {"path":"E:\\Quang Duong\\Projects UIT\\Material Mastery\\material-mastery-server\\src\\utils\\httpStatusCode.js","statementMap":{"0":{"start":{"line":1,"column":0},"end":{"line":4,"column":1}}},"fnMap":{},"branchMap":{},"s":{"0":8},"f":{},"b":{},"_coverageSchema":"1a1c01bbd47fc00a2c39e90264f33305004495a9","hash":"5f33af321255a71c4fc916cc8469bec525456bce"}
,"E:\\Quang Duong\\Projects UIT\\Material Mastery\\material-mastery-server\\src\\utils\\index.js": {"path":"E:\\Quang Duong\\Projects UIT\\Material Mastery\\material-mastery-server\\src\\utils\\index.js","statementMap":{"0":{"start":{"line":3,"column":30},"end":{"line":3,"column":49}},"1":{"start":{"line":5,"column":22},"end":{"line":9,"column":1}},"2":{"start":{"line":6,"column":4},"end":{"line":8,"column":7}},"3":{"start":{"line":7,"column":8},"end":{"line":7,"column":25}},"4":{"start":{"line":11,"column":24},"end":{"line":15,"column":1}},"5":{"start":{"line":12,"column":4},"end":{"line":14,"column":7}},"6":{"start":{"line":13,"column":8},"end":{"line":13,"column":25}},"7":{"start":{"line":17,"column":25},"end":{"line":21,"column":1}},"8":{"start":{"line":18,"column":4},"end":{"line":20,"column":7}},"9":{"start":{"line":19,"column":8},"end":{"line":19,"column":25}},"10":{"start":{"line":23,"column":26},"end":{"line":27,"column":1}},"11":{"start":{"line":24,"column":4},"end":{"line":26,"column":7}},"12":{"start":{"line":25,"column":8},"end":{"line":25,"column":26}},"13":{"start":{"line":29,"column":30},"end":{"line":35,"column":1}},"14":{"start":{"line":30,"column":4},"end":{"line":32,"column":6}},"15":{"start":{"line":31,"column":8},"end":{"line":31,"column":73}},"16":{"start":{"line":31,"column":57},"end":{"line":31,"column":73}},"17":{"start":{"line":34,"column":4},"end":{"line":34,"column":15}},"18":{"start":{"line":37,"column":27},"end":{"line":50,"column":1}},"19":{"start":{"line":38,"column":18},"end":{"line":38,"column":20}},"20":{"start":{"line":39,"column":4},"end":{"line":48,"column":6}},"21":{"start":{"line":40,"column":8},"end":{"line":47,"column":9}},"22":{"start":{"line":41,"column":29},"end":{"line":41,"column":57}},"23":{"start":{"line":42,"column":12},"end":{"line":44,"column":14}},"24":{"start":{"line":43,"column":16},"end":{"line":43,"column":51}},"25":{"start":{"line":46,"column":12},"end":{"line":46,"column":34}},"26":{"start":{"line":49,"column":4},"end":{"line":49,"column":16}},"27":{"start":{"line":52,"column":26},"end":{"line":54,"column":1}},"28":{"start":{"line":53,"column":4},"end":{"line":53,"column":43}},"29":{"start":{"line":56,"column":0},"end":{"line":64,"column":1}}},"fnMap":{"0":{"name":"(anonymous_0)","decl":{"start":{"line":5,"column":22},"end":{"line":5,"column":23}},"loc":{"start":{"line":5,"column":39},"end":{"line":9,"column":1}},"line":5},"1":{"name":"(anonymous_1)","decl":{"start":{"line":6,"column":41},"end":{"line":6,"column":42}},"loc":{"start":{"line":6,"column":51},"end":{"line":8,"column":5}},"line":6},"2":{"name":"(anonymous_2)","decl":{"start":{"line":11,"column":24},"end":{"line":11,"column":25}},"loc":{"start":{"line":11,"column":41},"end":{"line":15,"column":1}},"line":11},"3":{"name":"(anonymous_3)","decl":{"start":{"line":12,"column":41},"end":{"line":12,"column":42}},"loc":{"start":{"line":12,"column":51},"end":{"line":14,"column":5}},"line":12},"4":{"name":"(anonymous_4)","decl":{"start":{"line":17,"column":25},"end":{"line":17,"column":26}},"loc":{"start":{"line":17,"column":40},"end":{"line":21,"column":1}},"line":17},"5":{"name":"(anonymous_5)","decl":{"start":{"line":18,"column":39},"end":{"line":18,"column":40}},"loc":{"start":{"line":18,"column":49},"end":{"line":20,"column":5}},"line":18},"6":{"name":"(anonymous_6)","decl":{"start":{"line":23,"column":26},"end":{"line":23,"column":27}},"loc":{"start":{"line":23,"column":41},"end":{"line":27,"column":1}},"line":23},"7":{"name":"(anonymous_7)","decl":{"start":{"line":24,"column":39},"end":{"line":24,"column":40}},"loc":{"start":{"line":24,"column":49},"end":{"line":26,"column":5}},"line":24},"8":{"name":"(anonymous_8)","decl":{"start":{"line":29,"column":30},"end":{"line":29,"column":31}},"loc":{"start":{"line":29,"column":39},"end":{"line":35,"column":1}},"line":29},"9":{"name":"(anonymous_9)","decl":{"start":{"line":30,"column":29},"end":{"line":30,"column":30}},"loc":{"start":{"line":30,"column":38},"end":{"line":32,"column":5}},"line":30},"10":{"name":"(anonymous_10)","decl":{"start":{"line":37,"column":27},"end":{"line":37,"column":28}},"loc":{"start":{"line":37,"column":34},"end":{"line":50,"column":1}},"line":37},"11":{"name":"(anonymous_11)","decl":{"start":{"line":39,"column":29},"end":{"line":39,"column":30}},"loc":{"start":{"line":39,"column":38},"end":{"line":48,"column":5}},"line":39},"12":{"name":"(anonymous_12)","decl":{"start":{"line":42,"column":42},"end":{"line":42,"column":43}},"loc":{"start":{"line":42,"column":49},"end":{"line":44,"column":13}},"line":42},"13":{"name":"(anonymous_13)","decl":{"start":{"line":52,"column":26},"end":{"line":52,"column":27}},"loc":{"start":{"line":52,"column":34},"end":{"line":54,"column":1}},"line":52}},"branchMap":{"0":{"loc":{"start":{"line":5,"column":23},"end":{"line":5,"column":34}},"type":"default-arg","locations":[{"start":{"line":5,"column":32},"end":{"line":5,"column":34}}],"line":5},"1":{"loc":{"start":{"line":11,"column":25},"end":{"line":11,"column":36}},"type":"default-arg","locations":[{"start":{"line":11,"column":34},"end":{"line":11,"column":36}}],"line":11},"2":{"loc":{"start":{"line":17,"column":26},"end":{"line":17,"column":35}},"type":"default-arg","locations":[{"start":{"line":17,"column":33},"end":{"line":17,"column":35}}],"line":17},"3":{"loc":{"start":{"line":23,"column":27},"end":{"line":23,"column":36}},"type":"default-arg","locations":[{"start":{"line":23,"column":34},"end":{"line":23,"column":36}}],"line":23},"4":{"loc":{"start":{"line":31,"column":8},"end":{"line":31,"column":73}},"type":"if","locations":[{"start":{"line":31,"column":8},"end":{"line":31,"column":73}},{"start":{},"end":{}}],"line":31},"5":{"loc":{"start":{"line":31,"column":12},"end":{"line":31,"column":55}},"type":"binary-expr","locations":[{"start":{"line":31,"column":12},"end":{"line":31,"column":34}},{"start":{"line":31,"column":38},"end":{"line":31,"column":55}}],"line":31},"6":{"loc":{"start":{"line":40,"column":8},"end":{"line":47,"column":9}},"type":"if","locations":[{"start":{"line":40,"column":8},"end":{"line":47,"column":9}},{"start":{"line":45,"column":15},"end":{"line":47,"column":9}}],"line":40}},"s":{"0":6,"1":6,"2":0,"3":0,"4":6,"5":0,"6":0,"7":6,"8":0,"9":0,"10":6,"11":0,"12":0,"13":6,"14":0,"15":0,"16":0,"17":0,"18":6,"19":0,"20":0,"21":0,"22":0,"23":0,"24":0,"25":0,"26":0,"27":6,"28":0,"29":6},"f":{"0":0,"1":0,"2":0,"3":0,"4":0,"5":0,"6":0,"7":0,"8":0,"9":0,"10":0,"11":0,"12":0,"13":0},"b":{"0":[0],"1":[0],"2":[0],"3":[0],"4":[0,0],"5":[0,0],"6":[0,0]},"_coverageSchema":"1a1c01bbd47fc00a2c39e90264f33305004495a9","hash":"867b6bd41499fc08e94ed12bd26c8573e56cc805"}
,"E:\\Quang Duong\\Projects UIT\\Material Mastery\\material-mastery-server\\src\\utils\\reasonPhrases.js": {"path":"E:\\Quang Duong\\Projects UIT\\Material Mastery\\material-mastery-server\\src\\utils\\reasonPhrases.js","statementMap":{"0":{"start":{"line":1,"column":0},"end":{"line":344,"column":1}}},"fnMap":{},"branchMap":{},"s":{"0":8},"f":{},"b":{},"_coverageSchema":"1a1c01bbd47fc00a2c39e90264f33305004495a9","hash":"dd358f2ba552bf3469005cb3eaf446cd29a3193c"}
,"E:\\Quang Duong\\Projects UIT\\Material Mastery\\material-mastery-server\\src\\utils\\statusCodes.js": {"path":"E:\\Quang Duong\\Projects UIT\\Material Mastery\\material-mastery-server\\src\\utils\\statusCodes.js","statementMap":{"0":{"start":{"line":1,"column":0},"end":{"line":344,"column":1}}},"fnMap":{},"branchMap":{},"s":{"0":8},"f":{},"b":{},"_coverageSchema":"1a1c01bbd47fc00a2c39e90264f33305004495a9","hash":"ca0faa7e4761dd1e186af895c69ac8802c051ecf"}
}
