{"E:\\Quang Duong\\Projects UIT\\Material Mastery\\material-mastery-server\\src\\core\\error-response.js": {"path":"E:\\Quang Duong\\Projects UIT\\Material Mastery\\material-mastery-server\\src\\core\\error-response.js","statementMap":{"0":{"start":{"line":3,"column":39},"end":{"line":3,"column":73}},"1":{"start":{"line":7,"column":4},"end":{"line":7,"column":19}},"2":{"start":{"line":8,"column":4},"end":{"line":8,"column":25}},"3":{"start":{"line":14,"column":4},"end":{"line":14,"column":44}},"4":{"start":{"line":20,"column":4},"end":{"line":20,"column":41}},"5":{"start":{"line":26,"column":4},"end":{"line":26,"column":45}},"6":{"start":{"line":32,"column":4},"end":{"line":32,"column":42}},"7":{"start":{"line":38,"column":4},"end":{"line":38,"column":42}},"8":{"start":{"line":42,"column":0},"end":{"line":48,"column":1}}},"fnMap":{"0":{"name":"(anonymous_0)","decl":{"start":{"line":6,"column":2},"end":{"line":6,"column":3}},"loc":{"start":{"line":6,"column":31},"end":{"line":9,"column":3}},"line":6},"1":{"name":"(anonymous_1)","decl":{"start":{"line":13,"column":2},"end":{"line":13,"column":3}},"loc":{"start":{"line":13,"column":51},"end":{"line":15,"column":3}},"line":13},"2":{"name":"(anonymous_2)","decl":{"start":{"line":19,"column":2},"end":{"line":19,"column":3}},"loc":{"start":{"line":19,"column":48},"end":{"line":21,"column":3}},"line":19},"3":{"name":"(anonymous_3)","decl":{"start":{"line":25,"column":2},"end":{"line":25,"column":3}},"loc":{"start":{"line":25,"column":52},"end":{"line":27,"column":3}},"line":25},"4":{"name":"(anonymous_4)","decl":{"start":{"line":31,"column":2},"end":{"line":31,"column":3}},"loc":{"start":{"line":31,"column":49},"end":{"line":33,"column":3}},"line":31},"5":{"name":"(anonymous_5)","decl":{"start":{"line":37,"column":2},"end":{"line":37,"column":3}},"loc":{"start":{"line":37,"column":49},"end":{"line":39,"column":3}},"line":37}},"branchMap":{"0":{"loc":{"start":{"line":13,"column":14},"end":{"line":13,"column":49}},"type":"default-arg","locations":[{"start":{"line":13,"column":24},"end":{"line":13,"column":49}}],"line":13},"1":{"loc":{"start":{"line":19,"column":14},"end":{"line":19,"column":46}},"type":"default-arg","locations":[{"start":{"line":19,"column":24},"end":{"line":19,"column":46}}],"line":19},"2":{"loc":{"start":{"line":25,"column":14},"end":{"line":25,"column":50}},"type":"default-arg","locations":[{"start":{"line":25,"column":24},"end":{"line":25,"column":50}}],"line":25},"3":{"loc":{"start":{"line":31,"column":14},"end":{"line":31,"column":47}},"type":"default-arg","locations":[{"start":{"line":31,"column":24},"end":{"line":31,"column":47}}],"line":31},"4":{"loc":{"start":{"line":37,"column":14},"end":{"line":37,"column":47}},"type":"default-arg","locations":[{"start":{"line":37,"column":24},"end":{"line":37,"column":47}}],"line":37}},"s":{"0":2,"1":15,"2":15,"3":13,"4":2,"5":0,"6":0,"7":0,"8":2},"f":{"0":15,"1":13,"2":2,"3":0,"4":0,"5":0},"b":{"0":[0],"1":[0],"2":[0],"3":[0],"4":[0]},"_coverageSchema":"1a1c01bbd47fc00a2c39e90264f33305004495a9","hash":"59dd596436141d64c6f4a3bd58b550f0b3827b9a"}
,"E:\\Quang Duong\\Projects UIT\\Material Mastery\\material-mastery-server\\src\\models\\user.model.js": {"path":"E:\\Quang Duong\\Projects UIT\\Material Mastery\\material-mastery-server\\src\\models\\user.model.js","statementMap":{"0":{"start":{"line":3,"column":17},"end":{"line":3,"column":36}},"1":{"start":{"line":5,"column":22},"end":{"line":5,"column":28}},"2":{"start":{"line":6,"column":24},"end":{"line":6,"column":31}},"3":{"start":{"line":9,"column":17},"end":{"line":50,"column":2}},"4":{"start":{"line":52,"column":21},"end":{"line":65,"column":2}},"5":{"start":{"line":67,"column":18},"end":{"line":84,"column":2}},"6":{"start":{"line":86,"column":20},"end":{"line":103,"column":2}},"7":{"start":{"line":106,"column":0},"end":{"line":111,"column":2}}},"fnMap":{},"branchMap":{},"s":{"0":2,"1":2,"2":2,"3":2,"4":2,"5":2,"6":2,"7":2},"f":{},"b":{},"_coverageSchema":"1a1c01bbd47fc00a2c39e90264f33305004495a9","hash":"35576ca57065058e6c7ba3316c1bd1b969dcb783"}
,"E:\\Quang Duong\\Projects UIT\\Material Mastery\\material-mastery-server\\src\\services\\access.service.js": {"path":"E:\\Quang Duong\\Projects UIT\\Material Mastery\\material-mastery-server\\src\\services\\access.service.js","statementMap":{"0":{"start":{"line":3,"column":43},"end":{"line":3,"column":76}},"1":{"start":{"line":4,"column":15},"end":{"line":4,"column":32}},"2":{"start":{"line":5,"column":15},"end":{"line":5,"column":32}},"3":{"start":{"line":10,"column":4},"end":{"line":10,"column":46}},"4":{"start":{"line":11,"column":17},"end":{"line":11,"column":48}},"5":{"start":{"line":12,"column":20},"end":{"line":12,"column":45}},"6":{"start":{"line":13,"column":34},"end":{"line":13,"column":72}},"7":{"start":{"line":16,"column":18},"end":{"line":94,"column":3}},"8":{"start":{"line":27,"column":23},"end":{"line":29,"column":13}},"9":{"start":{"line":30,"column":4},"end":{"line":30,"column":67}},"10":{"start":{"line":30,"column":20},"end":{"line":30,"column":67}},"11":{"start":{"line":32,"column":25},"end":{"line":32,"column":56}},"12":{"start":{"line":34,"column":20},"end":{"line":43,"column":5}},"13":{"start":{"line":44,"column":21},"end":{"line":44,"column":29}},"14":{"start":{"line":45,"column":20},"end":{"line":45,"column":67}},"15":{"start":{"line":46,"column":4},"end":{"line":46,"column":66}},"16":{"start":{"line":46,"column":18},"end":{"line":46,"column":66}},"17":{"start":{"line":49,"column":38},"end":{"line":59,"column":6}},"18":{"start":{"line":61,"column":25},"end":{"line":70,"column":5}},"19":{"start":{"line":71,"column":22},"end":{"line":75,"column":5}},"20":{"start":{"line":76,"column":4},"end":{"line":76,"column":74}},"21":{"start":{"line":76,"column":20},"end":{"line":76,"column":74}},"22":{"start":{"line":78,"column":4},"end":{"line":88,"column":59}},"23":{"start":{"line":88,"column":6},"end":{"line":88,"column":59}},"24":{"start":{"line":90,"column":4},"end":{"line":93,"column":6}},"25":{"start":{"line":96,"column":18},"end":{"line":146,"column":3}},"26":{"start":{"line":97,"column":22},"end":{"line":97,"column":59}},"27":{"start":{"line":98,"column":4},"end":{"line":98,"column":64}},"28":{"start":{"line":98,"column":20},"end":{"line":98,"column":64}},"29":{"start":{"line":99,"column":20},"end":{"line":99,"column":78}},"30":{"start":{"line":100,"column":4},"end":{"line":100,"column":62}},"31":{"start":{"line":100,"column":18},"end":{"line":100,"column":62}},"32":{"start":{"line":101,"column":38},"end":{"line":111,"column":6}},"33":{"start":{"line":113,"column":25},"end":{"line":122,"column":5}},"34":{"start":{"line":123,"column":22},"end":{"line":127,"column":5}},"35":{"start":{"line":128,"column":4},"end":{"line":128,"column":74}},"36":{"start":{"line":128,"column":20},"end":{"line":128,"column":74}},"37":{"start":{"line":130,"column":4},"end":{"line":140,"column":59}},"38":{"start":{"line":140,"column":6},"end":{"line":140,"column":59}},"39":{"start":{"line":142,"column":4},"end":{"line":145,"column":6}},"40":{"start":{"line":147,"column":19},"end":{"line":152,"column":3}},"41":{"start":{"line":148,"column":4},"end":{"line":148,"column":40}},"42":{"start":{"line":149,"column":4},"end":{"line":151,"column":5}},"43":{"start":{"line":155,"column":0},"end":{"line":155,"column":31}}},"fnMap":{"0":{"name":"(anonymous_0)","decl":{"start":{"line":16,"column":18},"end":{"line":16,"column":19}},"loc":{"start":{"line":25,"column":8},"end":{"line":94,"column":3}},"line":25},"1":{"name":"(anonymous_1)","decl":{"start":{"line":96,"column":18},"end":{"line":96,"column":19}},"loc":{"start":{"line":96,"column":52},"end":{"line":146,"column":3}},"line":96},"2":{"name":"(anonymous_2)","decl":{"start":{"line":147,"column":19},"end":{"line":147,"column":20}},"loc":{"start":{"line":147,"column":39},"end":{"line":152,"column":3}},"line":147}},"branchMap":{"0":{"loc":{"start":{"line":23,"column":4},"end":{"line":23,"column":23}},"type":"default-arg","locations":[{"start":{"line":23,"column":13},"end":{"line":23,"column":23}}],"line":23},"1":{"loc":{"start":{"line":24,"column":4},"end":{"line":24,"column":24}},"type":"default-arg","locations":[{"start":{"line":24,"column":12},"end":{"line":24,"column":24}}],"line":24},"2":{"loc":{"start":{"line":30,"column":4},"end":{"line":30,"column":67}},"type":"if","locations":[{"start":{"line":30,"column":4},"end":{"line":30,"column":67}},{"start":{},"end":{}}],"line":30},"3":{"loc":{"start":{"line":46,"column":4},"end":{"line":46,"column":66}},"type":"if","locations":[{"start":{"line":46,"column":4},"end":{"line":46,"column":66}},{"start":{},"end":{}}],"line":46},"4":{"loc":{"start":{"line":76,"column":4},"end":{"line":76,"column":74}},"type":"if","locations":[{"start":{"line":76,"column":4},"end":{"line":76,"column":74}},{"start":{},"end":{}}],"line":76},"5":{"loc":{"start":{"line":78,"column":4},"end":{"line":88,"column":59}},"type":"if","locations":[{"start":{"line":78,"column":4},"end":{"line":88,"column":59}},{"start":{},"end":{}}],"line":78},"6":{"loc":{"start":{"line":98,"column":4},"end":{"line":98,"column":64}},"type":"if","locations":[{"start":{"line":98,"column":4},"end":{"line":98,"column":64}},{"start":{},"end":{}}],"line":98},"7":{"loc":{"start":{"line":100,"column":4},"end":{"line":100,"column":62}},"type":"if","locations":[{"start":{"line":100,"column":4},"end":{"line":100,"column":62}},{"start":{},"end":{}}],"line":100},"8":{"loc":{"start":{"line":128,"column":4},"end":{"line":128,"column":74}},"type":"if","locations":[{"start":{"line":128,"column":4},"end":{"line":128,"column":74}},{"start":{},"end":{}}],"line":128},"9":{"loc":{"start":{"line":130,"column":4},"end":{"line":140,"column":59}},"type":"if","locations":[{"start":{"line":130,"column":4},"end":{"line":140,"column":59}},{"start":{},"end":{}}],"line":130}},"s":{"0":2,"1":2,"2":2,"3":2,"4":2,"5":2,"6":2,"7":2,"8":5,"9":5,"10":1,"11":4,"12":4,"13":4,"14":4,"15":4,"16":1,"17":3,"18":3,"19":3,"20":3,"21":1,"22":2,"23":1,"24":1,"25":2,"26":5,"27":5,"28":1,"29":4,"30":3,"31":1,"32":2,"33":2,"34":2,"35":2,"36":1,"37":1,"38":0,"39":1,"40":2,"41":0,"42":0,"43":2},"f":{"0":5,"1":5,"2":0},"b":{"0":[5],"1":[5],"2":[1,4],"3":[1,3],"4":[1,2],"5":[1,1],"6":[1,4],"7":[1,2],"8":[1,1],"9":[0,1]},"_coverageSchema":"1a1c01bbd47fc00a2c39e90264f33305004495a9","hash":"4b14e783ffb5afa1ba58a8422496d873f5c0e04d"}
,"E:\\Quang Duong\\Projects UIT\\Material Mastery\\material-mastery-server\\src\\services\\user.service.js": {"path":"E:\\Quang Duong\\Projects UIT\\Material Mastery\\material-mastery-server\\src\\services\\user.service.js","statementMap":{"0":{"start":{"line":3,"column":43},"end":{"line":3,"column":76}},"1":{"start":{"line":4,"column":41},"end":{"line":4,"column":79}},"2":{"start":{"line":5,"column":43},"end":{"line":5,"column":74}},"3":{"start":{"line":6,"column":54},"end":{"line":6,"column":73}},"4":{"start":{"line":9,"column":24},"end":{"line":9,"column":26}},"5":{"start":{"line":12,"column":4},"end":{"line":12,"column":46}},"6":{"start":{"line":16,"column":21},"end":{"line":16,"column":51}},"7":{"start":{"line":17,"column":4},"end":{"line":17,"column":75}},"8":{"start":{"line":17,"column":19},"end":{"line":17,"column":75}},"9":{"start":{"line":18,"column":4},"end":{"line":18,"column":46}},"10":{"start":{"line":23,"column":4},"end":{"line":24,"column":51}},"11":{"start":{"line":24,"column":6},"end":{"line":24,"column":51}},"12":{"start":{"line":25,"column":22},"end":{"line":25,"column":49}},"13":{"start":{"line":26,"column":4},"end":{"line":26,"column":64}},"14":{"start":{"line":26,"column":20},"end":{"line":26,"column":64}},"15":{"start":{"line":28,"column":17},"end":{"line":28,"column":35}},"16":{"start":{"line":29,"column":21},"end":{"line":29,"column":51}},"17":{"start":{"line":30,"column":4},"end":{"line":30,"column":75}},"18":{"start":{"line":30,"column":19},"end":{"line":30,"column":75}},"19":{"start":{"line":31,"column":4},"end":{"line":31,"column":53}},"20":{"start":{"line":35,"column":22},"end":{"line":35,"column":49}},"21":{"start":{"line":36,"column":4},"end":{"line":36,"column":62}},"22":{"start":{"line":36,"column":20},"end":{"line":36,"column":62}},"23":{"start":{"line":37,"column":4},"end":{"line":37,"column":21}},"24":{"start":{"line":41,"column":18},"end":{"line":41,"column":45}},"25":{"start":{"line":42,"column":4},"end":{"line":42,"column":17}},"26":{"start":{"line":46,"column":18},"end":{"line":46,"column":49}},"27":{"start":{"line":47,"column":4},"end":{"line":47,"column":17}},"28":{"start":{"line":51,"column":18},"end":{"line":51,"column":46}},"29":{"start":{"line":52,"column":4},"end":{"line":52,"column":17}},"30":{"start":{"line":56,"column":18},"end":{"line":56,"column":48}},"31":{"start":{"line":57,"column":4},"end":{"line":57,"column":17}},"32":{"start":{"line":72,"column":4},"end":{"line":72,"column":29}},"33":{"start":{"line":73,"column":4},"end":{"line":73,"column":29}},"34":{"start":{"line":74,"column":4},"end":{"line":74,"column":23}},"35":{"start":{"line":75,"column":4},"end":{"line":75,"column":37}},"36":{"start":{"line":76,"column":4},"end":{"line":76,"column":23}},"37":{"start":{"line":77,"column":4},"end":{"line":77,"column":25}},"38":{"start":{"line":78,"column":4},"end":{"line":78,"column":23}},"39":{"start":{"line":79,"column":4},"end":{"line":79,"column":43}},"40":{"start":{"line":83,"column":20},"end":{"line":83,"column":59}},"41":{"start":{"line":84,"column":4},"end":{"line":84,"column":19}},"42":{"start":{"line":88,"column":20},"end":{"line":88,"column":64}},"43":{"start":{"line":89,"column":4},"end":{"line":89,"column":19}},"44":{"start":{"line":95,"column":24},"end":{"line":95,"column":67}},"45":{"start":{"line":96,"column":4},"end":{"line":96,"column":75}},"46":{"start":{"line":96,"column":22},"end":{"line":96,"column":75}},"47":{"start":{"line":97,"column":4},"end":{"line":97,"column":39}},"48":{"start":{"line":100,"column":20},"end":{"line":100,"column":59}},"49":{"start":{"line":101,"column":4},"end":{"line":101,"column":67}},"50":{"start":{"line":101,"column":18},"end":{"line":101,"column":67}},"51":{"start":{"line":102,"column":4},"end":{"line":102,"column":19}},"52":{"start":{"line":106,"column":20},"end":{"line":106,"column":47}},"53":{"start":{"line":107,"column":4},"end":{"line":113,"column":5}},"54":{"start":{"line":108,"column":6},"end":{"line":112,"column":8}},"55":{"start":{"line":115,"column":23},"end":{"line":118,"column":5}},"56":{"start":{"line":119,"column":4},"end":{"line":119,"column":22}},"57":{"start":{"line":125,"column":24},"end":{"line":125,"column":64}},"58":{"start":{"line":126,"column":4},"end":{"line":126,"column":77}},"59":{"start":{"line":126,"column":22},"end":{"line":126,"column":77}},"60":{"start":{"line":127,"column":4},"end":{"line":127,"column":39}},"61":{"start":{"line":129,"column":20},"end":{"line":129,"column":59}},"62":{"start":{"line":130,"column":4},"end":{"line":130,"column":67}},"63":{"start":{"line":130,"column":18},"end":{"line":130,"column":67}},"64":{"start":{"line":131,"column":4},"end":{"line":131,"column":19}},"65":{"start":{"line":134,"column":20},"end":{"line":134,"column":47}},"66":{"start":{"line":135,"column":4},"end":{"line":141,"column":5}},"67":{"start":{"line":136,"column":6},"end":{"line":140,"column":8}},"68":{"start":{"line":143,"column":23},"end":{"line":146,"column":5}},"69":{"start":{"line":147,"column":4},"end":{"line":147,"column":22}},"70":{"start":{"line":153,"column":24},"end":{"line":153,"column":66}},"71":{"start":{"line":154,"column":4},"end":{"line":154,"column":79}},"72":{"start":{"line":154,"column":22},"end":{"line":154,"column":79}},"73":{"start":{"line":155,"column":4},"end":{"line":155,"column":39}},"74":{"start":{"line":157,"column":20},"end":{"line":157,"column":59}},"75":{"start":{"line":158,"column":4},"end":{"line":158,"column":67}},"76":{"start":{"line":158,"column":18},"end":{"line":158,"column":67}},"77":{"start":{"line":159,"column":4},"end":{"line":159,"column":19}},"78":{"start":{"line":162,"column":20},"end":{"line":162,"column":47}},"79":{"start":{"line":163,"column":4},"end":{"line":169,"column":5}},"80":{"start":{"line":164,"column":6},"end":{"line":168,"column":8}},"81":{"start":{"line":171,"column":23},"end":{"line":174,"column":5}},"82":{"start":{"line":175,"column":4},"end":{"line":175,"column":22}},"83":{"start":{"line":179,"column":0},"end":{"line":179,"column":47}},"84":{"start":{"line":180,"column":0},"end":{"line":180,"column":41}},"85":{"start":{"line":181,"column":0},"end":{"line":181,"column":45}},"86":{"start":{"line":183,"column":0},"end":{"line":183,"column":29}}},"fnMap":{"0":{"name":"(anonymous_0)","decl":{"start":{"line":11,"column":2},"end":{"line":11,"column":3}},"loc":{"start":{"line":11,"column":38},"end":{"line":13,"column":3}},"line":11},"1":{"name":"(anonymous_1)","decl":{"start":{"line":15,"column":2},"end":{"line":15,"column":3}},"loc":{"start":{"line":15,"column":41},"end":{"line":19,"column":3}},"line":15},"2":{"name":"(anonymous_2)","decl":{"start":{"line":21,"column":2},"end":{"line":21,"column":3}},"loc":{"start":{"line":21,"column":63},"end":{"line":32,"column":3}},"line":21},"3":{"name":"(anonymous_3)","decl":{"start":{"line":34,"column":2},"end":{"line":34,"column":3}},"loc":{"start":{"line":34,"column":37},"end":{"line":38,"column":3}},"line":34},"4":{"name":"(anonymous_4)","decl":{"start":{"line":40,"column":2},"end":{"line":40,"column":3}},"loc":{"start":{"line":40,"column":34},"end":{"line":43,"column":3}},"line":40},"5":{"name":"(anonymous_5)","decl":{"start":{"line":45,"column":2},"end":{"line":45,"column":3}},"loc":{"start":{"line":45,"column":38},"end":{"line":48,"column":3}},"line":45},"6":{"name":"(anonymous_6)","decl":{"start":{"line":50,"column":2},"end":{"line":50,"column":3}},"loc":{"start":{"line":50,"column":35},"end":{"line":53,"column":3}},"line":50},"7":{"name":"(anonymous_7)","decl":{"start":{"line":55,"column":2},"end":{"line":55,"column":3}},"loc":{"start":{"line":55,"column":37},"end":{"line":58,"column":3}},"line":55},"8":{"name":"(anonymous_8)","decl":{"start":{"line":62,"column":2},"end":{"line":62,"column":3}},"loc":{"start":{"line":71,"column":5},"end":{"line":80,"column":3}},"line":71},"9":{"name":"(anonymous_9)","decl":{"start":{"line":82,"column":2},"end":{"line":82,"column":3}},"loc":{"start":{"line":82,"column":23},"end":{"line":85,"column":3}},"line":82},"10":{"name":"(anonymous_10)","decl":{"start":{"line":87,"column":2},"end":{"line":87,"column":3}},"loc":{"start":{"line":87,"column":37},"end":{"line":90,"column":3}},"line":87},"11":{"name":"(anonymous_11)","decl":{"start":{"line":94,"column":2},"end":{"line":94,"column":3}},"loc":{"start":{"line":94,"column":21},"end":{"line":103,"column":3}},"line":94},"12":{"name":"(anonymous_12)","decl":{"start":{"line":105,"column":2},"end":{"line":105,"column":3}},"loc":{"start":{"line":105,"column":28},"end":{"line":120,"column":3}},"line":105},"13":{"name":"(anonymous_13)","decl":{"start":{"line":124,"column":2},"end":{"line":124,"column":3}},"loc":{"start":{"line":124,"column":21},"end":{"line":132,"column":3}},"line":124},"14":{"name":"(anonymous_14)","decl":{"start":{"line":133,"column":2},"end":{"line":133,"column":3}},"loc":{"start":{"line":133,"column":28},"end":{"line":148,"column":3}},"line":133},"15":{"name":"(anonymous_15)","decl":{"start":{"line":152,"column":2},"end":{"line":152,"column":3}},"loc":{"start":{"line":152,"column":21},"end":{"line":160,"column":3}},"line":152},"16":{"name":"(anonymous_16)","decl":{"start":{"line":161,"column":2},"end":{"line":161,"column":3}},"loc":{"start":{"line":161,"column":28},"end":{"line":176,"column":3}},"line":161}},"branchMap":{"0":{"loc":{"start":{"line":17,"column":4},"end":{"line":17,"column":75}},"type":"if","locations":[{"start":{"line":17,"column":4},"end":{"line":17,"column":75}},{"start":{},"end":{}}],"line":17},"1":{"loc":{"start":{"line":23,"column":4},"end":{"line":24,"column":51}},"type":"if","locations":[{"start":{"line":23,"column":4},"end":{"line":24,"column":51}},{"start":{},"end":{}}],"line":23},"2":{"loc":{"start":{"line":26,"column":4},"end":{"line":26,"column":64}},"type":"if","locations":[{"start":{"line":26,"column":4},"end":{"line":26,"column":64}},{"start":{},"end":{}}],"line":26},"3":{"loc":{"start":{"line":30,"column":4},"end":{"line":30,"column":75}},"type":"if","locations":[{"start":{"line":30,"column":4},"end":{"line":30,"column":75}},{"start":{},"end":{}}],"line":30},"4":{"loc":{"start":{"line":36,"column":4},"end":{"line":36,"column":62}},"type":"if","locations":[{"start":{"line":36,"column":4},"end":{"line":36,"column":62}},{"start":{},"end":{}}],"line":36},"5":{"loc":{"start":{"line":96,"column":4},"end":{"line":96,"column":75}},"type":"if","locations":[{"start":{"line":96,"column":4},"end":{"line":96,"column":75}},{"start":{},"end":{}}],"line":96},"6":{"loc":{"start":{"line":101,"column":4},"end":{"line":101,"column":67}},"type":"if","locations":[{"start":{"line":101,"column":4},"end":{"line":101,"column":67}},{"start":{},"end":{}}],"line":101},"7":{"loc":{"start":{"line":107,"column":4},"end":{"line":113,"column":5}},"type":"if","locations":[{"start":{"line":107,"column":4},"end":{"line":113,"column":5}},{"start":{},"end":{}}],"line":107},"8":{"loc":{"start":{"line":126,"column":4},"end":{"line":126,"column":77}},"type":"if","locations":[{"start":{"line":126,"column":4},"end":{"line":126,"column":77}},{"start":{},"end":{}}],"line":126},"9":{"loc":{"start":{"line":130,"column":4},"end":{"line":130,"column":67}},"type":"if","locations":[{"start":{"line":130,"column":4},"end":{"line":130,"column":67}},{"start":{},"end":{}}],"line":130},"10":{"loc":{"start":{"line":135,"column":4},"end":{"line":141,"column":5}},"type":"if","locations":[{"start":{"line":135,"column":4},"end":{"line":141,"column":5}},{"start":{},"end":{}}],"line":135},"11":{"loc":{"start":{"line":154,"column":4},"end":{"line":154,"column":79}},"type":"if","locations":[{"start":{"line":154,"column":4},"end":{"line":154,"column":79}},{"start":{},"end":{}}],"line":154},"12":{"loc":{"start":{"line":158,"column":4},"end":{"line":158,"column":67}},"type":"if","locations":[{"start":{"line":158,"column":4},"end":{"line":158,"column":67}},{"start":{},"end":{}}],"line":158},"13":{"loc":{"start":{"line":163,"column":4},"end":{"line":169,"column":5}},"type":"if","locations":[{"start":{"line":163,"column":4},"end":{"line":169,"column":5}},{"start":{},"end":{}}],"line":163}},"s":{"0":2,"1":2,"2":2,"3":2,"4":2,"5":6,"6":0,"7":0,"8":0,"9":0,"10":0,"11":0,"12":0,"13":0,"14":0,"15":0,"16":0,"17":0,"18":0,"19":0,"20":0,"21":0,"22":0,"23":0,"24":0,"25":0,"26":0,"27":0,"28":0,"29":0,"30":0,"31":0,"32":0,"33":0,"34":0,"35":0,"36":0,"37":0,"38":0,"39":0,"40":0,"41":0,"42":0,"43":0,"44":0,"45":0,"46":0,"47":0,"48":0,"49":0,"50":0,"51":0,"52":0,"53":0,"54":0,"55":0,"56":0,"57":0,"58":0,"59":0,"60":0,"61":0,"62":0,"63":0,"64":0,"65":0,"66":0,"67":0,"68":0,"69":0,"70":0,"71":0,"72":0,"73":0,"74":0,"75":0,"76":0,"77":0,"78":0,"79":0,"80":0,"81":0,"82":0,"83":2,"84":2,"85":2,"86":2},"f":{"0":6,"1":0,"2":0,"3":0,"4":0,"5":0,"6":0,"7":0,"8":0,"9":0,"10":0,"11":0,"12":0,"13":0,"14":0,"15":0,"16":0},"b":{"0":[0,0],"1":[0,0],"2":[0,0],"3":[0,0],"4":[0,0],"5":[0,0],"6":[0,0],"7":[0,0],"8":[0,0],"9":[0,0],"10":[0,0],"11":[0,0],"12":[0,0],"13":[0,0]},"_coverageSchema":"1a1c01bbd47fc00a2c39e90264f33305004495a9","hash":"50b004ded0c90a9e38dfc6f8264de9a292b7cf2e"}
,"E:\\Quang Duong\\Projects UIT\\Material Mastery\\material-mastery-server\\src\\utils\\httpStatusCode.js": {"path":"E:\\Quang Duong\\Projects UIT\\Material Mastery\\material-mastery-server\\src\\utils\\httpStatusCode.js","statementMap":{"0":{"start":{"line":1,"column":0},"end":{"line":4,"column":1}}},"fnMap":{},"branchMap":{},"s":{"0":2},"f":{},"b":{},"_coverageSchema":"1a1c01bbd47fc00a2c39e90264f33305004495a9","hash":"5f33af321255a71c4fc916cc8469bec525456bce"}
,"E:\\Quang Duong\\Projects UIT\\Material Mastery\\material-mastery-server\\src\\utils\\index.js": {"path":"E:\\Quang Duong\\Projects UIT\\Material Mastery\\material-mastery-server\\src\\utils\\index.js","statementMap":{"0":{"start":{"line":3,"column":30},"end":{"line":3,"column":49}},"1":{"start":{"line":5,"column":22},"end":{"line":9,"column":1}},"2":{"start":{"line":6,"column":4},"end":{"line":8,"column":7}},"3":{"start":{"line":7,"column":8},"end":{"line":7,"column":25}},"4":{"start":{"line":11,"column":24},"end":{"line":15,"column":1}},"5":{"start":{"line":12,"column":4},"end":{"line":14,"column":7}},"6":{"start":{"line":13,"column":8},"end":{"line":13,"column":25}},"7":{"start":{"line":17,"column":25},"end":{"line":21,"column":1}},"8":{"start":{"line":18,"column":4},"end":{"line":20,"column":7}},"9":{"start":{"line":19,"column":8},"end":{"line":19,"column":25}},"10":{"start":{"line":23,"column":26},"end":{"line":27,"column":1}},"11":{"start":{"line":24,"column":4},"end":{"line":26,"column":7}},"12":{"start":{"line":25,"column":8},"end":{"line":25,"column":26}},"13":{"start":{"line":29,"column":30},"end":{"line":35,"column":1}},"14":{"start":{"line":30,"column":4},"end":{"line":32,"column":6}},"15":{"start":{"line":31,"column":8},"end":{"line":31,"column":73}},"16":{"start":{"line":31,"column":57},"end":{"line":31,"column":73}},"17":{"start":{"line":34,"column":4},"end":{"line":34,"column":15}},"18":{"start":{"line":37,"column":27},"end":{"line":50,"column":1}},"19":{"start":{"line":38,"column":18},"end":{"line":38,"column":20}},"20":{"start":{"line":39,"column":4},"end":{"line":48,"column":6}},"21":{"start":{"line":40,"column":8},"end":{"line":47,"column":9}},"22":{"start":{"line":41,"column":29},"end":{"line":41,"column":57}},"23":{"start":{"line":42,"column":12},"end":{"line":44,"column":14}},"24":{"start":{"line":43,"column":16},"end":{"line":43,"column":51}},"25":{"start":{"line":46,"column":12},"end":{"line":46,"column":34}},"26":{"start":{"line":49,"column":4},"end":{"line":49,"column":16}},"27":{"start":{"line":52,"column":26},"end":{"line":54,"column":1}},"28":{"start":{"line":53,"column":4},"end":{"line":53,"column":43}},"29":{"start":{"line":56,"column":0},"end":{"line":64,"column":1}}},"fnMap":{"0":{"name":"(anonymous_0)","decl":{"start":{"line":5,"column":22},"end":{"line":5,"column":23}},"loc":{"start":{"line":5,"column":39},"end":{"line":9,"column":1}},"line":5},"1":{"name":"(anonymous_1)","decl":{"start":{"line":6,"column":41},"end":{"line":6,"column":42}},"loc":{"start":{"line":6,"column":51},"end":{"line":8,"column":5}},"line":6},"2":{"name":"(anonymous_2)","decl":{"start":{"line":11,"column":24},"end":{"line":11,"column":25}},"loc":{"start":{"line":11,"column":41},"end":{"line":15,"column":1}},"line":11},"3":{"name":"(anonymous_3)","decl":{"start":{"line":12,"column":41},"end":{"line":12,"column":42}},"loc":{"start":{"line":12,"column":51},"end":{"line":14,"column":5}},"line":12},"4":{"name":"(anonymous_4)","decl":{"start":{"line":17,"column":25},"end":{"line":17,"column":26}},"loc":{"start":{"line":17,"column":40},"end":{"line":21,"column":1}},"line":17},"5":{"name":"(anonymous_5)","decl":{"start":{"line":18,"column":39},"end":{"line":18,"column":40}},"loc":{"start":{"line":18,"column":49},"end":{"line":20,"column":5}},"line":18},"6":{"name":"(anonymous_6)","decl":{"start":{"line":23,"column":26},"end":{"line":23,"column":27}},"loc":{"start":{"line":23,"column":41},"end":{"line":27,"column":1}},"line":23},"7":{"name":"(anonymous_7)","decl":{"start":{"line":24,"column":39},"end":{"line":24,"column":40}},"loc":{"start":{"line":24,"column":49},"end":{"line":26,"column":5}},"line":24},"8":{"name":"(anonymous_8)","decl":{"start":{"line":29,"column":30},"end":{"line":29,"column":31}},"loc":{"start":{"line":29,"column":39},"end":{"line":35,"column":1}},"line":29},"9":{"name":"(anonymous_9)","decl":{"start":{"line":30,"column":29},"end":{"line":30,"column":30}},"loc":{"start":{"line":30,"column":38},"end":{"line":32,"column":5}},"line":30},"10":{"name":"(anonymous_10)","decl":{"start":{"line":37,"column":27},"end":{"line":37,"column":28}},"loc":{"start":{"line":37,"column":34},"end":{"line":50,"column":1}},"line":37},"11":{"name":"(anonymous_11)","decl":{"start":{"line":39,"column":29},"end":{"line":39,"column":30}},"loc":{"start":{"line":39,"column":38},"end":{"line":48,"column":5}},"line":39},"12":{"name":"(anonymous_12)","decl":{"start":{"line":42,"column":42},"end":{"line":42,"column":43}},"loc":{"start":{"line":42,"column":49},"end":{"line":44,"column":13}},"line":42},"13":{"name":"(anonymous_13)","decl":{"start":{"line":52,"column":26},"end":{"line":52,"column":27}},"loc":{"start":{"line":52,"column":34},"end":{"line":54,"column":1}},"line":52}},"branchMap":{"0":{"loc":{"start":{"line":5,"column":23},"end":{"line":5,"column":34}},"type":"default-arg","locations":[{"start":{"line":5,"column":32},"end":{"line":5,"column":34}}],"line":5},"1":{"loc":{"start":{"line":11,"column":25},"end":{"line":11,"column":36}},"type":"default-arg","locations":[{"start":{"line":11,"column":34},"end":{"line":11,"column":36}}],"line":11},"2":{"loc":{"start":{"line":17,"column":26},"end":{"line":17,"column":35}},"type":"default-arg","locations":[{"start":{"line":17,"column":33},"end":{"line":17,"column":35}}],"line":17},"3":{"loc":{"start":{"line":23,"column":27},"end":{"line":23,"column":36}},"type":"default-arg","locations":[{"start":{"line":23,"column":34},"end":{"line":23,"column":36}}],"line":23},"4":{"loc":{"start":{"line":31,"column":8},"end":{"line":31,"column":73}},"type":"if","locations":[{"start":{"line":31,"column":8},"end":{"line":31,"column":73}},{"start":{},"end":{}}],"line":31},"5":{"loc":{"start":{"line":31,"column":12},"end":{"line":31,"column":55}},"type":"binary-expr","locations":[{"start":{"line":31,"column":12},"end":{"line":31,"column":34}},{"start":{"line":31,"column":38},"end":{"line":31,"column":55}}],"line":31},"6":{"loc":{"start":{"line":40,"column":8},"end":{"line":47,"column":9}},"type":"if","locations":[{"start":{"line":40,"column":8},"end":{"line":47,"column":9}},{"start":{"line":45,"column":15},"end":{"line":47,"column":9}}],"line":40}},"s":{"0":2,"1":2,"2":0,"3":0,"4":2,"5":0,"6":0,"7":2,"8":0,"9":0,"10":2,"11":0,"12":0,"13":2,"14":0,"15":0,"16":0,"17":0,"18":2,"19":0,"20":0,"21":0,"22":0,"23":0,"24":0,"25":0,"26":0,"27":2,"28":0,"29":2},"f":{"0":0,"1":0,"2":0,"3":0,"4":0,"5":0,"6":0,"7":0,"8":0,"9":0,"10":0,"11":0,"12":0,"13":0},"b":{"0":[0],"1":[0],"2":[0],"3":[0],"4":[0,0],"5":[0,0],"6":[0,0]},"_coverageSchema":"1a1c01bbd47fc00a2c39e90264f33305004495a9","hash":"867b6bd41499fc08e94ed12bd26c8573e56cc805"}
,"E:\\Quang Duong\\Projects UIT\\Material Mastery\\material-mastery-server\\src\\utils\\reasonPhrases.js": {"path":"E:\\Quang Duong\\Projects UIT\\Material Mastery\\material-mastery-server\\src\\utils\\reasonPhrases.js","statementMap":{"0":{"start":{"line":1,"column":0},"end":{"line":344,"column":1}}},"fnMap":{},"branchMap":{},"s":{"0":2},"f":{},"b":{},"_coverageSchema":"1a1c01bbd47fc00a2c39e90264f33305004495a9","hash":"dd358f2ba552bf3469005cb3eaf446cd29a3193c"}
,"E:\\Quang Duong\\Projects UIT\\Material Mastery\\material-mastery-server\\src\\utils\\statusCodes.js": {"path":"E:\\Quang Duong\\Projects UIT\\Material Mastery\\material-mastery-server\\src\\utils\\statusCodes.js","statementMap":{"0":{"start":{"line":1,"column":0},"end":{"line":344,"column":1}}},"fnMap":{},"branchMap":{},"s":{"0":2},"f":{},"b":{},"_coverageSchema":"1a1c01bbd47fc00a2c39e90264f33305004495a9","hash":"ca0faa7e4761dd1e186af895c69ac8802c051ecf"}
}
