TN:
SF:src\core\error-response.js
FN:6,(anonymous_0)
FN:13,(anonymous_1)
FN:19,(anonymous_2)
FN:25,(anonymous_3)
FN:31,(anonymous_4)
FN:37,(anonymous_5)
FNF:6
FNH:4
FNDA:39,(anonymous_0)
FNDA:33,(anonymous_1)
FNDA:2,(anonymous_2)
FNDA:0,(anonymous_3)
FNDA:4,(anonymous_4)
FNDA:0,(anonymous_5)
DA:3,8
DA:7,39
DA:8,39
DA:14,33
DA:20,2
DA:26,0
DA:32,4
DA:38,0
DA:42,8
LF:9
LH:7
BRDA:13,0,0,0
BRDA:19,1,0,0
BRDA:25,2,0,0
BRDA:31,3,0,0
BRDA:37,4,0,0
BRF:5
BRH:0
end_of_record
TN:
SF:src\models\cart.model.js
FNF:0
FNH:0
DA:3,1
DA:5,1
DA:6,1
DA:9,1
DA:36,1
LF:5
LH:5
BRF:0
BRH:0
end_of_record
TN:
SF:src\models\category.model.js
FNF:0
FNH:0
DA:3,3
DA:5,3
DA:6,3
DA:9,3
DA:31,3
LF:5
LH:5
BRF:0
BRH:0
end_of_record
TN:
SF:src\models\comment.model.js
FNF:0
FNH:0
DA:2,4
DA:3,4
DA:4,4
DA:7,4
DA:28,4
LF:5
LH:5
BRF:0
BRH:0
end_of_record
TN:
SF:src\models\inventory.model.js
FNF:0
FNH:0
DA:3,3
DA:5,3
DA:6,3
DA:9,3
DA:21,3
LF:5
LH:5
BRF:0
BRH:0
end_of_record
TN:
SF:src\models\notification.model.js
FNF:0
FNH:0
DA:2,2
DA:3,2
DA:4,2
DA:7,2
DA:18,2
LF:5
LH:5
BRF:0
BRH:0
end_of_record
TN:
SF:src\models\product.model.js
FN:39,(anonymous_0)
FN:59,(anonymous_1)
FNF:2
FNH:0
FNDA:0,(anonymous_0)
FNDA:0,(anonymous_1)
DA:1,5
DA:2,5
DA:4,5
DA:5,5
DA:7,5
DA:39,0
DA:57,5
DA:59,5
DA:60,0
DA:61,0
DA:65,5
LF:11
LH:8
BRF:0
BRH:0
end_of_record
TN:
SF:src\models\user.model.js
FNF:0
FNH:0
DA:3,3
DA:5,3
DA:6,3
DA:9,3
DA:56,3
DA:71,3
DA:90,3
DA:110,3
LF:8
LH:8
BRF:0
BRH:0
end_of_record
TN:
SF:src\models\repositories\category.js
FN:6,(anonymous_0)
FN:14,(anonymous_1)
FN:18,(anonymous_2)
FN:22,(anonymous_3)
FN:26,(anonymous_4)
FN:32,(anonymous_5)
FNF:6
FNH:0
FNDA:0,(anonymous_0)
FNDA:0,(anonymous_1)
FNDA:0,(anonymous_2)
FNDA:0,(anonymous_3)
FNDA:0,(anonymous_4)
FNDA:0,(anonymous_5)
DA:3,3
DA:4,3
DA:6,3
DA:7,0
DA:14,3
DA:15,0
DA:18,3
DA:19,0
DA:22,3
DA:23,0
DA:26,3
DA:27,0
DA:32,3
DA:33,0
DA:40,3
LF:15
LH:9
BRDA:6,0,0,0
BRDA:6,1,0,0
BRDA:32,2,0,0
BRDA:32,3,0,0
BRF:4
BRH:0
end_of_record
TN:
SF:src\models\repositories\inventory.js
FN:7,(anonymous_0)
FN:15,(anonymous_1)
FN:19,(anonymous_2)
FN:23,(anonymous_3)
FN:44,(anonymous_4)
FN:58,(anonymous_5)
FNF:6
FNH:0
FNDA:0,(anonymous_0)
FNDA:0,(anonymous_1)
FNDA:0,(anonymous_2)
FNDA:0,(anonymous_3)
FNDA:0,(anonymous_4)
FNDA:0,(anonymous_5)
DA:3,2
DA:4,2
DA:5,2
DA:7,2
DA:8,0
DA:15,2
DA:16,0
DA:19,2
DA:20,0
DA:23,2
DA:24,0
DA:41,0
DA:44,2
DA:45,0
DA:55,0
DA:58,2
DA:59,0
DA:67,0
DA:70,2
LF:19
LH:10
BRDA:7,0,0,0
BRF:1
BRH:0
end_of_record
TN:
SF:src\models\repositories\notification.js
FN:6,(anonymous_0)
FN:19,(anonymous_1)
FN:50,(anonymous_2)
FN:55,(anonymous_3)
FN:59,(anonymous_4)
FN:67,(anonymous_5)
FNF:6
FNH:0
FNDA:0,(anonymous_0)
FNDA:0,(anonymous_1)
FNDA:0,(anonymous_2)
FNDA:0,(anonymous_3)
FNDA:0,(anonymous_4)
FNDA:0,(anonymous_5)
DA:3,2
DA:4,2
DA:6,2
DA:7,0
DA:8,0
DA:15,0
DA:16,0
DA:19,2
DA:21,0
DA:22,0
DA:25,0
DA:26,0
DA:27,0
DA:34,0
DA:35,0
DA:37,0
DA:38,0
DA:46,0
DA:47,0
DA:50,2
DA:51,0
DA:52,0
DA:55,2
DA:56,0
DA:59,2
DA:60,0
DA:64,0
DA:67,2
DA:74,0
DA:78,0
DA:84,0
DA:86,0
DA:88,0
DA:89,0
DA:92,2
LF:35
LH:9
BRDA:6,0,0,0
BRDA:19,1,0,0
BRDA:19,2,0,0
BRDA:25,3,0,0
BRDA:25,3,1,0
BRDA:55,4,0,0
BRDA:88,5,0,0
BRDA:88,5,1,0
BRF:8
BRH:0
end_of_record
TN:
SF:src\models\repositories\product.js
FN:9,(anonymous_0)
FN:13,(anonymous_1)
FN:29,(anonymous_2)
FN:33,(anonymous_3)
FN:37,(anonymous_4)
FN:41,(anonymous_5)
FN:45,(anonymous_6)
FN:55,(anonymous_7)
FN:64,(anonymous_8)
FN:73,(anonymous_9)
FN:74,(anonymous_10)
FN:85,(anonymous_11)
FN:102,(anonymous_12)
FN:119,(anonymous_13)
FNF:14
FNH:0
FNDA:0,(anonymous_0)
FNDA:0,(anonymous_1)
FNDA:0,(anonymous_2)
FNDA:0,(anonymous_3)
FNDA:0,(anonymous_4)
FNDA:0,(anonymous_5)
FNDA:0,(anonymous_6)
FNDA:0,(anonymous_7)
FNDA:0,(anonymous_8)
FNDA:0,(anonymous_9)
FNDA:0,(anonymous_10)
FNDA:0,(anonymous_11)
FNDA:0,(anonymous_12)
FNDA:0,(anonymous_13)
DA:3,2
DA:4,2
DA:5,2
DA:6,2
DA:7,2
DA:9,2
DA:10,0
DA:13,2
DA:14,0
DA:25,0
DA:26,0
DA:29,2
DA:30,0
DA:33,2
DA:34,0
DA:37,2
DA:38,0
DA:41,2
DA:42,0
DA:45,2
DA:47,0
DA:55,2
DA:56,0
DA:57,0
DA:58,0
DA:60,0
DA:61,0
DA:64,2
DA:65,0
DA:66,0
DA:67,0
DA:69,0
DA:70,0
DA:73,2
DA:74,0
DA:75,0
DA:76,0
DA:77,0
DA:85,2
DA:86,0
DA:99,0
DA:102,2
DA:103,0
DA:116,0
DA:119,2
DA:120,0
DA:121,0
DA:129,2
LF:48
LH:19
BRDA:13,0,0,0
BRDA:13,1,0,0
BRDA:13,2,0,0
BRDA:13,3,0,0
BRDA:45,4,0,0
BRDA:45,5,0,0
BRDA:45,6,0,0
BRDA:45,7,0,0
BRDA:45,8,0,0
BRDA:45,9,0,0
BRDA:50,10,0,0
BRDA:50,10,1,0
BRDA:57,11,0,0
BRDA:57,11,1,0
BRDA:66,12,0,0
BRDA:66,12,1,0
BRDA:76,13,0,0
BRDA:76,13,1,0
BRDA:99,14,0,0
BRDA:99,14,1,0
BRDA:116,15,0,0
BRDA:116,15,1,0
BRF:22
BRH:0
end_of_record
TN:
SF:src\models\repositories\user.js
FN:5,(anonymous_0)
FN:9,(anonymous_1)
FN:13,(anonymous_2)
FNF:3
FNH:0
FNDA:0,(anonymous_0)
FNDA:0,(anonymous_1)
FNDA:0,(anonymous_2)
DA:3,1
DA:5,1
DA:6,0
DA:9,1
DA:10,0
DA:13,1
DA:14,0
DA:17,1
LF:8
LH:5
BRF:0
BRH:0
end_of_record
TN:
SF:src\services\access.service.js
FN:16,(anonymous_0)
FN:96,(anonymous_1)
FN:147,(anonymous_2)
FNF:3
FNH:2
FNDA:5,(anonymous_0)
FNDA:5,(anonymous_1)
FNDA:0,(anonymous_2)
DA:3,2
DA:4,2
DA:5,2
DA:10,2
DA:11,2
DA:12,2
DA:13,2
DA:16,2
DA:27,5
DA:30,5
DA:32,4
DA:34,4
DA:44,4
DA:45,4
DA:46,4
DA:49,3
DA:61,3
DA:71,3
DA:76,3
DA:78,2
DA:88,1
DA:90,1
DA:96,2
DA:97,5
DA:98,5
DA:99,4
DA:100,3
DA:101,2
DA:113,2
DA:123,2
DA:128,2
DA:130,1
DA:140,0
DA:142,1
DA:147,2
DA:148,0
DA:149,0
DA:155,2
LF:38
LH:35
BRDA:23,0,0,5
BRDA:24,1,0,5
BRDA:30,2,0,1
BRDA:30,2,1,4
BRDA:46,3,0,1
BRDA:46,3,1,3
BRDA:76,4,0,1
BRDA:76,4,1,2
BRDA:78,5,0,1
BRDA:78,5,1,1
BRDA:98,6,0,1
BRDA:98,6,1,4
BRDA:100,7,0,1
BRDA:100,7,1,2
BRDA:128,8,0,1
BRDA:128,8,1,1
BRDA:130,9,0,0
BRDA:130,9,1,1
BRF:18
BRH:17
end_of_record
TN:
SF:src\services\cart.service.js
FN:11,(anonymous_0)
FN:35,(anonymous_1)
FN:47,(anonymous_2)
FN:51,(anonymous_3)
FNF:4
FNH:1
FNDA:6,(anonymous_0)
FNDA:0,(anonymous_1)
FNDA:0,(anonymous_2)
FNDA:0,(anonymous_3)
DA:3,1
DA:4,1
DA:5,1
DA:6,1
DA:7,1
DA:8,1
DA:12,6
DA:13,6
DA:14,5
DA:15,4
DA:16,4
DA:17,1
DA:20,3
DA:21,1
DA:23,2
DA:28,2
DA:29,1
DA:32,1
DA:36,0
DA:37,0
DA:38,0
DA:39,0
DA:41,0
DA:48,0
DA:52,0
DA:56,1
LF:26
LH:19
BRDA:13,0,0,1
BRDA:13,0,1,5
BRDA:14,1,0,1
BRDA:14,1,1,4
BRDA:16,2,0,1
BRDA:16,2,1,3
BRDA:20,3,0,1
BRDA:20,3,1,2
BRDA:28,4,0,1
BRDA:28,4,1,1
BRDA:38,5,0,0
BRDA:38,5,1,0
BRDA:39,6,0,0
BRDA:39,6,1,0
BRF:14
BRH:10
end_of_record
TN:
SF:src\services\category.service.js
FN:7,(anonymous_0)
FN:16,(anonymous_1)
FN:20,(anonymous_2)
FNF:3
FNH:1
FNDA:3,(anonymous_0)
FNDA:0,(anonymous_1)
FNDA:0,(anonymous_2)
DA:3,1
DA:4,1
DA:7,1
DA:8,3
DA:9,3
DA:10,3
DA:11,2
DA:12,2
DA:13,1
DA:16,1
DA:17,0
DA:20,1
DA:21,0
DA:25,1
LF:14
LH:12
BRDA:10,0,0,1
BRDA:10,0,1,2
BRDA:12,1,0,1
BRDA:12,1,1,1
BRF:4
BRH:4
end_of_record
TN:
SF:src\services\order.service.js
FN:11,(anonymous_0)
FN:24,(anonymous_1)
FN:43,(anonymous_2)
FN:61,(anonymous_3)
FN:71,(anonymous_4)
FN:88,(anonymous_5)
FN:109,(anonymous_6)
FN:123,(anonymous_7)
FN:134,(anonymous_8)
FNF:9
FNH:1
FNDA:0,(anonymous_0)
FNDA:0,(anonymous_1)
FNDA:0,(anonymous_2)
FNDA:0,(anonymous_3)
FNDA:4,(anonymous_4)
FNDA:0,(anonymous_5)
FNDA:0,(anonymous_6)
FNDA:0,(anonymous_7)
FNDA:0,(anonymous_8)
DA:2,1
DA:3,1
DA:4,1
DA:5,1
DA:6,1
DA:7,1
DA:8,1
DA:11,1
DA:12,0
DA:16,0
DA:17,0
DA:18,0
DA:19,0
DA:24,1
DA:25,0
DA:27,0
DA:28,0
DA:29,0
DA:31,0
DA:35,0
DA:36,0
DA:37,0
DA:38,0
DA:39,0
DA:41,0
DA:43,1
DA:44,0
DA:45,0
DA:46,0
DA:47,0
DA:49,0
DA:53,0
DA:54,0
DA:55,0
DA:56,0
DA:57,0
DA:59,0
DA:61,1
DA:62,0
DA:65,0
DA:66,0
DA:71,1
DA:72,4
DA:73,4
DA:74,4
DA:75,3
DA:76,2
DA:77,2
DA:78,4
DA:79,4
DA:80,4
DA:81,4
DA:82,3
DA:83,3
DA:86,1
DA:88,1
DA:89,0
DA:90,0
DA:93,0
DA:94,0
DA:95,0
DA:96,0
DA:97,0
DA:98,0
DA:99,0
DA:100,0
DA:101,0
DA:102,0
DA:103,0
DA:104,0
DA:105,0
DA:107,0
DA:109,1
DA:110,0
DA:111,0
DA:112,0
DA:113,0
DA:123,1
DA:124,0
DA:134,1
DA:135,0
DA:136,0
DA:137,0
DA:138,0
DA:139,0
DA:146,0
DA:156,1
LF:87
LH:30
BRDA:16,0,0,0
BRDA:16,0,1,0
BRDA:18,1,0,0
BRDA:18,1,1,0
BRDA:28,2,0,0
BRDA:28,2,1,0
BRDA:35,3,0,0
BRDA:35,3,1,0
BRDA:38,4,0,0
BRDA:38,4,1,0
BRDA:46,5,0,0
BRDA:46,5,1,0
BRDA:53,6,0,0
BRDA:53,6,1,0
BRDA:56,7,0,0
BRDA:56,7,1,0
BRDA:74,8,0,1
BRDA:74,8,1,3
BRDA:75,9,0,2
BRDA:75,9,1,1
BRDA:76,10,0,0
BRDA:81,11,0,1
BRDA:81,11,1,3
BRDA:83,12,0,1
BRDA:83,12,1,2
BRDA:93,13,0,0
BRDA:93,13,1,0
BRDA:94,14,0,0
BRDA:94,14,1,0
BRDA:95,15,0,0
BRDA:95,15,1,0
BRDA:97,16,0,0
BRDA:97,16,1,0
BRDA:98,17,0,0
BRDA:103,18,0,0
BRDA:103,18,1,0
BRDA:105,19,0,0
BRDA:105,19,1,0
BRDA:138,20,0,0
BRDA:138,20,1,0
BRF:40
BRH:8
end_of_record
TN:
SF:src\services\product.service.js
FN:16,(anonymous_0)
FN:32,(anonymous_1)
FN:37,(anonymous_2)
FN:45,(anonymous_3)
FN:64,(anonymous_4)
FN:77,(anonymous_5)
FN:86,(anonymous_6)
FN:114,(anonymous_7)
FN:118,(anonymous_8)
FN:121,(anonymous_9)
FN:127,(anonymous_10)
FN:133,(anonymous_11)
FN:136,(anonymous_12)
FN:145,(anonymous_13)
FNF:14
FNH:3
FNDA:4,(anonymous_0)
FNDA:0,(anonymous_1)
FNDA:0,(anonymous_2)
FNDA:5,(anonymous_3)
FNDA:3,(anonymous_4)
FNDA:0,(anonymous_5)
FNDA:0,(anonymous_6)
FNDA:0,(anonymous_7)
FNDA:0,(anonymous_8)
FNDA:0,(anonymous_9)
FNDA:0,(anonymous_10)
FNDA:0,(anonymous_11)
FNDA:0,(anonymous_12)
FNDA:0,(anonymous_13)
DA:2,4
DA:3,4
DA:4,4
DA:5,4
DA:6,4
DA:7,4
DA:8,4
DA:9,4
DA:10,4
DA:11,4
DA:17,4
DA:18,4
DA:19,4
DA:20,3
DA:21,3
DA:22,2
DA:23,1
DA:29,2
DA:34,0
DA:38,0
DA:39,0
DA:40,0
DA:42,0
DA:46,5
DA:47,5
DA:48,5
DA:49,4
DA:50,3
DA:51,3
DA:52,1
DA:57,2
DA:58,1
DA:61,4
DA:65,3
DA:66,3
DA:67,2
DA:70,2
DA:71,1
DA:78,0
DA:79,0
DA:80,0
DA:87,0
DA:88,0
DA:100,0
DA:101,0
DA:102,0
DA:103,0
DA:106,0
DA:108,0
DA:110,0
DA:115,0
DA:119,0
DA:122,0
DA:128,0
DA:134,0
DA:137,0
DA:140,0
DA:141,0
DA:142,0
DA:145,0
DA:146,0
DA:150,4
LF:62
LH:34
BRDA:19,0,0,1
BRDA:19,0,1,3
BRDA:21,1,0,1
BRDA:21,1,1,2
BRDA:22,2,0,1
BRDA:22,2,1,1
BRDA:39,3,0,0
BRDA:39,3,1,0
BRDA:48,4,0,1
BRDA:48,4,1,4
BRDA:49,5,0,3
BRDA:49,5,1,1
BRDA:51,6,0,1
BRDA:51,6,1,2
BRDA:57,7,0,1
BRDA:57,7,1,1
BRDA:66,8,0,1
BRDA:66,8,1,2
BRDA:70,9,0,1
BRDA:70,9,1,1
BRDA:79,10,0,0
BRDA:79,10,1,0
BRDA:101,11,0,0
BRDA:101,11,1,0
BRDA:104,12,0,0
BRDA:104,12,1,0
BRDA:142,13,0,0
BRDA:142,13,1,0
BRF:28
BRH:18
end_of_record
TN:
SF:src\services\user.service.js
FN:11,(anonymous_0)
FN:15,(anonymous_1)
FN:21,(anonymous_2)
FN:34,(anonymous_3)
FN:40,(anonymous_4)
FN:45,(anonymous_5)
FN:50,(anonymous_6)
FN:55,(anonymous_7)
FN:62,(anonymous_8)
FN:82,(anonymous_9)
FN:87,(anonymous_10)
FN:94,(anonymous_11)
FN:105,(anonymous_12)
FN:124,(anonymous_13)
FN:133,(anonymous_14)
FN:152,(anonymous_15)
FN:161,(anonymous_16)
FNF:17
FNH:1
FNDA:6,(anonymous_0)
FNDA:0,(anonymous_1)
FNDA:0,(anonymous_2)
FNDA:0,(anonymous_3)
FNDA:0,(anonymous_4)
FNDA:0,(anonymous_5)
FNDA:0,(anonymous_6)
FNDA:0,(anonymous_7)
FNDA:0,(anonymous_8)
FNDA:0,(anonymous_9)
FNDA:0,(anonymous_10)
FNDA:0,(anonymous_11)
FNDA:0,(anonymous_12)
FNDA:0,(anonymous_13)
FNDA:0,(anonymous_14)
FNDA:0,(anonymous_15)
FNDA:0,(anonymous_16)
DA:3,2
DA:4,2
DA:5,2
DA:6,2
DA:9,2
DA:12,6
DA:16,0
DA:17,0
DA:18,0
DA:23,0
DA:24,0
DA:25,0
DA:26,0
DA:28,0
DA:29,0
DA:30,0
DA:31,0
DA:35,0
DA:36,0
DA:37,0
DA:41,0
DA:42,0
DA:46,0
DA:47,0
DA:51,0
DA:52,0
DA:56,0
DA:57,0
DA:72,0
DA:73,0
DA:74,0
DA:75,0
DA:76,0
DA:77,0
DA:78,0
DA:79,0
DA:83,0
DA:84,0
DA:88,0
DA:89,0
DA:95,0
DA:96,0
DA:97,0
DA:100,0
DA:101,0
DA:102,0
DA:106,0
DA:107,0
DA:108,0
DA:115,0
DA:119,0
DA:125,0
DA:126,0
DA:127,0
DA:129,0
DA:130,0
DA:131,0
DA:134,0
DA:135,0
DA:136,0
DA:143,0
DA:147,0
DA:153,0
DA:154,0
DA:155,0
DA:157,0
DA:158,0
DA:159,0
DA:162,0
DA:163,0
DA:164,0
DA:171,0
DA:175,0
DA:179,2
DA:180,2
DA:181,2
DA:183,2
LF:77
LH:10
BRDA:17,0,0,0
BRDA:17,0,1,0
BRDA:23,1,0,0
BRDA:23,1,1,0
BRDA:26,2,0,0
BRDA:26,2,1,0
BRDA:30,3,0,0
BRDA:30,3,1,0
BRDA:36,4,0,0
BRDA:36,4,1,0
BRDA:96,5,0,0
BRDA:96,5,1,0
BRDA:101,6,0,0
BRDA:101,6,1,0
BRDA:107,7,0,0
BRDA:107,7,1,0
BRDA:126,8,0,0
BRDA:126,8,1,0
BRDA:130,9,0,0
BRDA:130,9,1,0
BRDA:135,10,0,0
BRDA:135,10,1,0
BRDA:154,11,0,0
BRDA:154,11,1,0
BRDA:158,12,0,0
BRDA:158,12,1,0
BRDA:163,13,0,0
BRDA:163,13,1,0
BRF:28
BRH:0
end_of_record
TN:
SF:src\utils\httpStatusCode.js
FNF:0
FNH:0
DA:1,8
LF:1
LH:1
BRF:0
BRH:0
end_of_record
TN:
SF:src\utils\index.js
FN:5,(anonymous_0)
FN:6,(anonymous_1)
FN:11,(anonymous_2)
FN:12,(anonymous_3)
FN:17,(anonymous_4)
FN:18,(anonymous_5)
FN:23,(anonymous_6)
FN:24,(anonymous_7)
FN:29,(anonymous_8)
FN:30,(anonymous_9)
FN:37,(anonymous_10)
FN:39,(anonymous_11)
FN:42,(anonymous_12)
FN:52,(anonymous_13)
FNF:14
FNH:0
FNDA:0,(anonymous_0)
FNDA:0,(anonymous_1)
FNDA:0,(anonymous_2)
FNDA:0,(anonymous_3)
FNDA:0,(anonymous_4)
FNDA:0,(anonymous_5)
FNDA:0,(anonymous_6)
FNDA:0,(anonymous_7)
FNDA:0,(anonymous_8)
FNDA:0,(anonymous_9)
FNDA:0,(anonymous_10)
FNDA:0,(anonymous_11)
FNDA:0,(anonymous_12)
FNDA:0,(anonymous_13)
DA:3,6
DA:5,6
DA:6,0
DA:7,0
DA:11,6
DA:12,0
DA:13,0
DA:17,6
DA:18,0
DA:19,0
DA:23,6
DA:24,0
DA:25,0
DA:29,6
DA:30,0
DA:31,0
DA:34,0
DA:37,6
DA:38,0
DA:39,0
DA:40,0
DA:41,0
DA:42,0
DA:43,0
DA:46,0
DA:49,0
DA:52,6
DA:53,0
DA:56,6
LF:29
LH:9
BRDA:5,0,0,0
BRDA:11,1,0,0
BRDA:17,2,0,0
BRDA:23,3,0,0
BRDA:31,4,0,0
BRDA:31,4,1,0
BRDA:31,5,0,0
BRDA:31,5,1,0
BRDA:40,6,0,0
BRDA:40,6,1,0
BRF:10
BRH:0
end_of_record
TN:
SF:src\utils\reasonPhrases.js
FNF:0
FNH:0
DA:1,8
LF:1
LH:1
BRF:0
BRH:0
end_of_record
TN:
SF:src\utils\statusCodes.js
FNF:0
FNH:0
DA:1,8
LF:1
LH:1
BRF:0
BRH:0
end_of_record
